{"numTotalTestSuites":82,"numPassedTestSuites":69,"numFailedTestSuites":13,"numPendingTestSuites":0,"numTotalTests":209,"numPassedTests":193,"numFailedTests":16,"numPendingTests":0,"numTodoTests":0,"snapshot":{"added":0,"failure":false,"filesAdded":0,"filesRemoved":0,"filesRemovedList":[],"filesUnmatched":0,"filesUpdated":0,"matched":0,"total":0,"unchecked":0,"uncheckedKeysByFile":[],"unmatched":0,"updated":0,"didUpdate":false},"startTime":1774062953114,"success":false,"testResults":[{"assertionResults":[{"ancestorTitles":["Security Utilities","sanitizeInput"],"fullName":"Security Utilities sanitizeInput should remove HTML tags","status":"passed","title":"should remove HTML tags","duration":2.541900000000055,"failureMessages":[],"meta":{}},{"ancestorTitles":["Security Utilities","sanitizeInput"],"fullName":"Security Utilities sanitizeInput should escape special characters","status":"passed","title":"should escape special characters","duration":0.5913999999999078,"failureMessages":[],"meta":{}},{"ancestorTitles":["Security Utilities","sanitizeInput"],"fullName":"Security Utilities sanitizeInput should handle empty input","status":"passed","title":"should handle empty input","duration":0.3491000000000213,"failureMessages":[],"meta":{}},{"ancestorTitles":["Security Utilities","isSafeUrl"],"fullName":"Security Utilities isSafeUrl should allow safe URLs","status":"passed","title":"should allow safe URLs","duration":0.5242000000000644,"failureMessages":[],"meta":{}},{"ancestorTitles":["Security Utilities","isSafeUrl"],"fullName":"Security Utilities isSafeUrl should block dangerous URLs","status":"passed","title":"should block dangerous URLs","duration":0.4479999999999791,"failureMessages":[],"meta":{}},{"ancestorTitles":["Security Utilities","isSafeUrl"],"fullName":"Security Utilities isSafeUrl should handle case insensitivity","status":"passed","title":"should handle case insensitivity","duration":0.29280000000005657,"failureMessages":[],"meta":{}},{"ancestorTitles":["Security Utilities","sanitizeUrl"],"fullName":"Security Utilities sanitizeUrl should return safe URLs unchanged","status":"passed","title":"should return safe URLs unchanged","duration":0.2397999999999456,"failureMessages":[],"meta":{}},{"ancestorTitles":["Security Utilities","sanitizeUrl"],"fullName":"Security Utilities sanitizeUrl should return empty string for dangerous URLs","status":"passed","title":"should return empty string for dangerous URLs","duration":1.9441000000000486,"failureMessages":[],"meta":{}},{"ancestorTitles":["Security Utilities","containsXssPattern"],"fullName":"Security Utilities containsXssPattern should detect script tags","status":"passed","title":"should detect script tags","duration":0.6485000000000127,"failureMessages":[],"meta":{}},{"ancestorTitles":["Security Utilities","containsXssPattern"],"fullName":"Security Utilities containsXssPattern should detect javascript: protocol","status":"passed","title":"should detect javascript: protocol","duration":0.3492999999999711,"failureMessages":[],"meta":{}},{"ancestorTitles":["Security Utilities","containsXssPattern"],"fullName":"Security Utilities containsXssPattern should detect event handlers","status":"passed","title":"should detect event handlers","duration":0.43849999999997635,"failureMessages":[],"meta":{}},{"ancestorTitles":["Security Utilities","containsXssPattern"],"fullName":"Security Utilities containsXssPattern should detect dangerous tags","status":"passed","title":"should detect dangerous tags","duration":0.4233000000000402,"failureMessages":[],"meta":{}},{"ancestorTitles":["Security Utilities","containsXssPattern"],"fullName":"Security Utilities containsXssPattern should not flag safe content","status":"passed","title":"should not flag safe content","duration":0.3384999999999536,"failureMessages":[],"meta":{}},{"ancestorTitles":["Security Utilities","decodeJwt"],"fullName":"Security Utilities decodeJwt should decode valid JWT","status":"passed","title":"should decode valid JWT","duration":0.5664000000000442,"failureMessages":[],"meta":{}},{"ancestorTitles":["Security Utilities","decodeJwt"],"fullName":"Security Utilities decodeJwt should return null for invalid JWT","status":"passed","title":"should return null for invalid JWT","duration":9.50929999999994,"failureMessages":[],"meta":{}},{"ancestorTitles":["Security Utilities","isTokenExpired"],"fullName":"Security Utilities isTokenExpired should detect expired token","status":"passed","title":"should detect expired token","duration":0.4213999999999487,"failureMessages":[],"meta":{}},{"ancestorTitles":["Security Utilities","isTokenExpired"],"fullName":"Security Utilities isTokenExpired should detect valid token","status":"passed","title":"should detect valid token","duration":0.259900000000016,"failureMessages":[],"meta":{}},{"ancestorTitles":["Security Utilities","checkPasswordStrength"],"fullName":"Security Utilities checkPasswordStrength should rate strong passwords highly","status":"passed","title":"should rate strong passwords highly","duration":0.6274000000000797,"failureMessages":[],"meta":{}},{"ancestorTitles":["Security Utilities","checkPasswordStrength"],"fullName":"Security Utilities checkPasswordStrength should rate weak passwords poorly","status":"passed","title":"should rate weak passwords poorly","duration":0.5466999999999871,"failureMessages":[],"meta":{}},{"ancestorTitles":["Security Utilities","checkPasswordStrength"],"fullName":"Security Utilities checkPasswordStrength should detect common passwords","status":"passed","title":"should detect common passwords","duration":0.2297999999999547,"failureMessages":[],"meta":{}},{"ancestorTitles":["Security Utilities","checkPasswordStrength"],"fullName":"Security Utilities checkPasswordStrength should provide feedback for improvements","status":"passed","title":"should provide feedback for improvements","duration":0.17660000000000764,"failureMessages":[],"meta":{}},{"ancestorTitles":["Security Utilities","maskSensitiveData"],"fullName":"Security Utilities maskSensitiveData should mask password fields","status":"passed","title":"should mask password fields","duration":0.5330999999999904,"failureMessages":[],"meta":{}},{"ancestorTitles":["Security Utilities","maskSensitiveData"],"fullName":"Security Utilities maskSensitiveData should mask token fields","status":"passed","title":"should mask token fields","duration":0.2477000000000089,"failureMessages":[],"meta":{}},{"ancestorTitles":["Security Utilities","maskSensitiveData"],"fullName":"Security Utilities maskSensitiveData should handle nested objects","status":"passed","title":"should handle nested objects","duration":0.282799999999952,"failureMessages":[],"meta":{}},{"ancestorTitles":["Security Utilities","maskSensitiveData"],"fullName":"Security Utilities maskSensitiveData should handle arrays","status":"passed","title":"should handle arrays","duration":0.3104000000000724,"failureMessages":[],"meta":{}},{"ancestorTitles":["Security Utilities","maskSensitiveData"],"fullName":"Security Utilities maskSensitiveData should mask custom sensitive keys","status":"passed","title":"should mask custom sensitive keys","duration":0.20109999999999673,"failureMessages":[],"meta":{}},{"ancestorTitles":["Security Utilities","RateLimiter"],"fullName":"Security Utilities RateLimiter should allow requests within limit","status":"passed","title":"should allow requests within limit","duration":0.4876000000000431,"failureMessages":[],"meta":{}},{"ancestorTitles":["Security Utilities","RateLimiter"],"fullName":"Security Utilities RateLimiter should block requests exceeding limit","status":"passed","title":"should block requests exceeding limit","duration":0.1853999999999587,"failureMessages":[],"meta":{}},{"ancestorTitles":["Security Utilities","RateLimiter"],"fullName":"Security Utilities RateLimiter should track different keys separately","status":"passed","title":"should track different keys separately","duration":0.22749999999996362,"failureMessages":[],"meta":{}},{"ancestorTitles":["Security Utilities","RateLimiter"],"fullName":"Security Utilities RateLimiter should reset attempts for a key","status":"passed","title":"should reset attempts for a key","duration":0.19929999999999382,"failureMessages":[],"meta":{}},{"ancestorTitles":["Security Utilities","RateLimiter"],"fullName":"Security Utilities RateLimiter should return remaining attempts","status":"passed","title":"should return remaining attempts","duration":0.34789999999998145,"failureMessages":[],"meta":{}},{"ancestorTitles":["Security Utilities","validateFile"],"fullName":"Security Utilities validateFile should validate file size","status":"passed","title":"should validate file size","duration":380.98260000000005,"failureMessages":[],"meta":{}},{"ancestorTitles":["Security Utilities","validateFile"],"fullName":"Security Utilities validateFile should validate MIME type","status":"passed","title":"should validate MIME type","duration":0.6799000000000888,"failureMessages":[],"meta":{}},{"ancestorTitles":["Security Utilities","validateFile"],"fullName":"Security Utilities validateFile should validate file extension","status":"passed","title":"should validate file extension","duration":0.5764000000001488,"failureMessages":[],"meta":{}}],"startTime":1774062966267,"endTime":1774062966675.5764,"status":"passed","message":"","name":"C:/Users/Mervyn/source/projects/campsite-fyp/frontend/src/tests/security.test.ts"},{"assertionResults":[{"ancestorTitles":["AddCommand"],"fullName":"AddCommand should add module on execute","status":"passed","title":"should add module on execute","duration":9.709900000000289,"failureMessages":[],"meta":{}},{"ancestorTitles":["AddCommand"],"fullName":"AddCommand should remove module on undo","status":"passed","title":"should remove module on undo","duration":4.432700000000295,"failureMessages":[],"meta":{}},{"ancestorTitles":["AddCommand"],"fullName":"AddCommand should throw if modules is not an array","status":"passed","title":"should throw if modules is not an array","duration":3.338600000000042,"failureMessages":[],"meta":{}},{"ancestorTitles":["AddCommand"],"fullName":"AddCommand should skip duplicate IDs with warning","status":"passed","title":"should skip duplicate IDs with warning","duration":19.111499999999978,"failureMessages":[],"meta":{}},{"ancestorTitles":["AddCommand"],"fullName":"AddCommand should handle multiple modules","status":"passed","title":"should handle multiple modules","duration":1.765599999999722,"failureMessages":[],"meta":{}},{"ancestorTitles":["DeleteCommand"],"fullName":"DeleteCommand should delete modules on execute","status":"passed","title":"should delete modules on execute","duration":1.4180999999998676,"failureMessages":[],"meta":{}},{"ancestorTitles":["DeleteCommand"],"fullName":"DeleteCommand should restore modules on undo","status":"passed","title":"should restore modules on undo","duration":1.4394999999999527,"failureMessages":[],"meta":{}},{"ancestorTitles":["DeleteCommand"],"fullName":"DeleteCommand should warn when deleting non-existent modules","status":"passed","title":"should warn when deleting non-existent modules","duration":2.7640000000001237,"failureMessages":[],"meta":{}},{"ancestorTitles":["DeleteCommand"],"fullName":"DeleteCommand should preserve module data for undo (deep copy)","status":"passed","title":"should preserve module data for undo (deep copy)","duration":2.448899999999867,"failureMessages":[],"meta":{}},{"ancestorTitles":["PropertyCommand"],"fullName":"PropertyCommand should update module properties on execute","status":"passed","title":"should update module properties on execute","duration":1.51949999999988,"failureMessages":[],"meta":{}},{"ancestorTitles":["PropertyCommand"],"fullName":"PropertyCommand should restore old properties on undo","status":"passed","title":"should restore old properties on undo","duration":3.806500000000142,"failureMessages":[],"meta":{}},{"ancestorTitles":["PropertyCommand"],"fullName":"PropertyCommand should skip non-existent modules with warning","status":"passed","title":"should skip non-existent modules with warning","duration":2.1447000000002845,"failureMessages":[],"meta":{}},{"ancestorTitles":["ReorderCommand"],"fullName":"ReorderCommand should change z-index on execute","status":"passed","title":"should change z-index on execute","duration":1.8287000000000262,"failureMessages":[],"meta":{}},{"ancestorTitles":["ReorderCommand"],"fullName":"ReorderCommand should restore z-index on undo","status":"passed","title":"should restore z-index on undo","duration":0.5009000000000015,"failureMessages":[],"meta":{}},{"ancestorTitles":["ReorderCommand"],"fullName":"ReorderCommand should clamp negative z-index values","status":"passed","title":"should clamp negative z-index values","duration":1.2642000000000735,"failureMessages":[],"meta":{}},{"ancestorTitles":["ReorderCommand"],"fullName":"ReorderCommand should throw for non-number z-index","status":"passed","title":"should throw for non-number z-index","duration":0.6464000000000851,"failureMessages":[],"meta":{}},{"ancestorTitles":["BatchCommand"],"fullName":"BatchCommand should execute all commands in order","status":"passed","title":"should execute all commands in order","duration":5.886799999999766,"failureMessages":[],"meta":{}},{"ancestorTitles":["BatchCommand"],"fullName":"BatchCommand should undo all commands in reverse order","status":"passed","title":"should undo all commands in reverse order","duration":1.5366999999996551,"failureMessages":[],"meta":{}},{"ancestorTitles":["BatchCommand"],"fullName":"BatchCommand should report length of commands","status":"passed","title":"should report length of commands","duration":1.1165999999998348,"failureMessages":[],"meta":{}},{"ancestorTitles":["BatchCommand"],"fullName":"BatchCommand should warn when created with empty array","status":"passed","title":"should warn when created with empty array","duration":2.3670999999999367,"failureMessages":[],"meta":{}},{"ancestorTitles":["MoveCommand"],"fullName":"MoveCommand should move module on execute","status":"passed","title":"should move module on execute","duration":3.608600000000024,"failureMessages":[],"meta":{}},{"ancestorTitles":["MoveCommand"],"fullName":"MoveCommand should restore position on undo","status":"passed","title":"should restore position on undo","duration":0.8396999999999935,"failureMessages":[],"meta":{}},{"ancestorTitles":["MoveCommand"],"fullName":"MoveCommand should warn and skip undo for deleted modules","status":"passed","title":"should warn and skip undo for deleted modules","duration":3.084200000000237,"failureMessages":[],"meta":{}},{"ancestorTitles":["MoveCommand"],"fullName":"MoveCommand should handle multiple modules","status":"passed","title":"should handle multiple modules","duration":2.905399999999645,"failureMessages":[],"meta":{}},{"ancestorTitles":["TransformCommand"],"fullName":"TransformCommand should transform module on execute","status":"passed","title":"should transform module on execute","duration":1.464600000000246,"failureMessages":[],"meta":{}},{"ancestorTitles":["TransformCommand"],"fullName":"TransformCommand should restore on undo","status":"passed","title":"should restore on undo","duration":1.1031999999995605,"failureMessages":[],"meta":{}},{"ancestorTitles":["TransformCommand"],"fullName":"TransformCommand should not undo if execute failed","status":"passed","title":"should not undo if execute failed","duration":2.6372999999998683,"failureMessages":[],"meta":{}},{"ancestorTitles":["TransformCommand"],"fullName":"TransformCommand should warn if module deleted before undo","status":"passed","title":"should warn if module deleted before undo","duration":1.3951999999999316,"failureMessages":[],"meta":{}}],"startTime":1774062962444,"endTime":1774062962537.3953,"status":"passed","message":"","name":"C:/Users/Mervyn/source/projects/campsite-fyp/frontend/src/commands/__tests__/commands.test.ts"},{"assertionResults":[{"ancestorTitles":["Admin Dashboard Flow"],"fullName":"Admin Dashboard Flow should display dashboard metrics","status":"failed","title":"should display dashboard metrics","duration":3230.4923,"failureMessages":["Error: Unable to find an element with the text: /\\$15,000/. This could be because the text is broken up by multiple elements. In this case, you can provide a function for your text matcher to make your matcher more flexible.\n\nIgnored nodes: comments, script, style\n\u001b[36m<body\u001b[39m\n  \u001b[33mstyle\u001b[39m=\u001b[32m\"overflow: unset;\"\u001b[39m\n\u001b[36m>\u001b[39m\n  \u001b[36m<div>\u001b[39m\n    \u001b[36m<div\u001b[39m\n      \u001b[33mclass\u001b[39m=\u001b[32m\"min-h-screen bg-nature-bg dark:bg-night-bg py-8 px-4 lg:px-6\"\u001b[39m\n    \u001b[36m>\u001b[39m\n      \u001b[36m<div\u001b[39m\n        \u001b[33mclass\u001b[39m=\u001b[32m\"max-w-7xl mx-auto space-y-8\"\u001b[39m\n      \u001b[36m>\u001b[39m\n        \u001b[36m<div\u001b[39m\n          \u001b[33mclass\u001b[39m=\u001b[32m\"flex flex-col md:flex-row md:items-center justify-between gap-4\"\u001b[39m\n        \u001b[36m>\u001b[39m\n          \u001b[36m<div>\u001b[39m\n            \u001b[36m<h1\u001b[39m\n              \u001b[33mclass\u001b[39m=\u001b[32m\"font-heading text-3xl font-bold text-gray-900 dark:text-gray-100\"\u001b[39m\n            \u001b[36m>\u001b[39m\n              \u001b[0mAdmin Dashboard\u001b[0m\n            \u001b[36m</h1>\u001b[39m\n            \u001b[36m<p\u001b[39m\n              \u001b[33mclass\u001b[39m=\u001b[32m\"text-secondary-600 dark:text-secondary-400\"\u001b[39m\n            \u001b[36m>\u001b[39m\n              \u001b[0mOverview and site management\u001b[0m\n            \u001b[36m</p>\u001b[39m\n          \u001b[36m</div>\u001b[39m\n          \u001b[36m<div\u001b[39m\n            \u001b[33mclass\u001b[39m=\u001b[32m\"flex flex-wrap gap-3\"\u001b[39m\n          \u001b[36m>\u001b[39m\n            \u001b[36m<button\u001b[39m\n              \u001b[33maria-busy\u001b[39m=\u001b[32m\"false\"\u001b[39m\n              \u001b[33mclass\u001b[39m=\u001b[32m\"inline-flex items-center justify-center rounded-xl font-medium transition-all duration-200 ease-out focus-visible:outline-none focus-visible:ring-2 focus-visible:ring-offset-2 disabled:pointer-events-none disabled:opacity-50 border-2 border-primary-500/30 dark:border-primary-400/30 bg-transparent text-primary-600 dark:text-primary-400 hover:bg-primary-50 dark:hover:bg-primary-950/50 hover:border-primary-500 dark:hover:border-primary-400 focus-visible:ring-primary-400 h-11 px-4 text-base min-h-[44px]\"\u001b[39m\n            \u001b[36m>\u001b[39m\n              \u001b[36m<svg\u001b[39m\n                \u001b[33maria-hidden\u001b[39m=\u001b[32m\"true\"\u001b[39m\n                \u001b[33mclass\u001b[39m=\u001b[32m\"lucide lucide-refresh-cw w-4 h-4 mr-2\"\u001b[39m\n                \u001b[33mfill\u001b[39m=\u001b[32m\"none\"\u001b[39m\n                \u001b[33mheight\u001b[39m=\u001b[32m\"24\"\u001b[39m\n                \u001b[33mstroke\u001b[39m=\u001b[32m\"currentColor\"\u001b[39m\n                \u001b[33mstroke-linecap\u001b[39m=\u001b[32m\"round\"\u001b[39m\n                \u001b[33mstroke-linejoin\u001b[39m=\u001b[32m\"round\"\u001b[39m\n                \u001b[33mstroke-width\u001b[39m=\u001b[32m\"2\"\u001b[39m\n                \u001b[33mviewBox\u001b[39m=\u001b[32m\"0 0 24 24\"\u001b[39m\n                \u001b[33mwidth\u001b[39m=\u001b[32m\"24\"\u001b[39m\n                \u001b[33mxmlns\u001b[39m=\u001b[32m\"http://www.w3.org/2000/svg\"\u001b[39m\n              \u001b[36m>\u001b[39m\n                \u001b[36m<path\u001b[39m\n                  \u001b[33md\u001b[39m=\u001b[32m\"M3 12a9 9 0 0 1 9-9 9.75 9.75 0 0 1 6.74 2.74L21 8\"\u001b[39m\n                \u001b[36m/>\u001b[39m\n                \u001b[36m<path\u001b[39m\n                  \u001b[33md\u001b[39m=\u001b[32m\"M21 3v5h-5\"\u001b[39m\n                \u001b[36m/>\u001b[39m\n                \u001b[36m<path\u001b[39m\n                  \u001b[33md\u001b[39m=\u001b[32m\"M21 12a9 9 0 0 1-9 9 9.75 9.75 0 0 1-6.74-2.74L3 16\"\u001b[39m\n                \u001b[36m/>\u001b[39m\n                \u001b[36m<path\u001b[39m\n                  \u001b[33md\u001b[39m=\u001b[32m\"M8 16H3v5\"\u001b[39m\n                \u001b[36m/>\u001b[39m\n              \u001b[36m</svg>\u001b[39m\n              \u001b[0mRefresh\u001b[0m\n            \u001b[36m</button>\u001b[39m\n            \u001b[36m<button\u001b[39m\n              \u001b[33maria-busy\u001b[39m=\u001b[32m\"false\"\u001b[39m\n              \u001b[33mclass\u001b[39m=\u001b[32m\"inline-flex items-center justify-center rounded-xl font-medium transition-all duration-200 ease-out focus-visible:outline-none focus-visible:ring-2 focus-visible:ring-offset-2 disabled:pointer-events-none disabled:opacity-50 border-2 border-primary-500/30 dark:border-primary-400/30 bg-transparent text-primary-600 dark:text-primary-400 hover:bg-primary-50 dark:hover:bg-primary-950/50 hover:border-primary-500 dark:hover:border-primary-400 focus-visible:ring-primary-400 h-11 px-4 text-base min-h-[44px]\"\u001b[39m\n            \u001b[36m>\u001b[39m\n              \u001b[36m<svg\u001b[39m\n                \u001b[33maria-hidden\u001b[39m=\u001b[32m\"true\"\u001b[39m\n                \u001b[33mclass\u001b[39m=\u001b[32m\"lucide lucide-chart-column w-4 h-4 mr-2\"\u001b[39m\n                \u001b[33mfill\u001b[39m=\u001b[32m\"none\"\u001b[39m\n                \u001b[33mheight\u001b[39m=\u001b[32m\"24\"\u001b[39m\n                \u001b[33mstroke\u001b[39m=\u001b[32m\"currentColor\"\u001b[39m\n                \u001b[33mstroke-linecap\u001b[39m=\u001b[32m\"round\"\u001b[39m\n                \u001b[33mstroke-linejoin\u001b[39m=\u001b[32m\"round\"\u001b[39m\n                \u001b[33mstroke-width\u001b[39m=\u001b[32m\"2\"\u001b[39m\n                \u001b[33mviewBox\u001b[39m=\u001b[32m\"0 0 24 24\"\u001b[39m\n                \u001b[33mwidth\u001b[39m=\u001b[32m\"24\"\u001b[39m\n                \u001b[33mxmlns\u001b[39m=\u001b[32m\"http://www.w3.org/2000/svg\"\u001b[39m\n              \u001b[36m>\u001b[39m\n                \u001b[36m<path\u001b[39m\n                  \u001b[33md\u001b[39m=\u001b[32m\"M3 3v16a2 2 0 0 0 2 2h16\"\u001b[39m\n                \u001b[36m/>\u001b[39m\n                \u001b[36m<path\u001b[39m\n                  \u001b[33md\u001b[39m=\u001b[32m\"M18 17V9\"\u001b[39m\n                \u001b[36m/>\u001b[39m\n                \u001b[36m<path\u001b[39m\n                  \u001b[33md\u001b[39m=\u001b[32m\"M13 17V5\"\u001b[39m\n                \u001b[36m/>\u001b[39m\n                \u001b[36m<path\u001b[39m\n                  \u001b[33md\u001b[39m=\u001b[32m\"M8 17v-3\"\u001b[39m\n                \u001b[36m/>\u001b[39m\n              \u001b[36m</svg>\u001b[39m\n              \u001b[0mAnalytics\u001b[0m\n            \u001b[36m</button>\u001b[39m\n            \u001b[36m<button\u001b[39m\n              \u001b[33maria-busy\u001b[39m=\u001b[32m\"false\"\u001b[39m\n              \u001b[33mclass\u001b[39m=\u001b[32m\"inline-flex items-center justify-center rounded-xl font-medium transition-all duration-200 ease-out focus-visible:outline-none focus-visible:ring-2 focus-visible:ring-offset-2 disabled:pointer-events-none disabled:opacity-50 border-2 border-primary-500/30 dark:border-primary-400/30 bg-transparent text-primary-600 dark:text-primary-400 hover:bg-primary-50 dark:hover:bg-primary-950/50 hover:border-primary-500 dark:hover:border-primary-400 focus-visible:ring-primary-400 h-11 px-4 text-base min-h-[44px]\"\u001b[39m\n            \u001b[36m>\u001b[39m\n              \u001b[36m<svg\u001b[39m\n                \u001b[33maria-hidden\u001b[39m=\u001b[32m\"true\"\u001b[39m\n                \u001b[33mclass\u001b[39m=\u001b[32m\"lucide lucide-map w-4 h-4 mr-2\"\u001b[39m\n                \u001b[33mfill\u001b[39m=\u001b[32m\"none\"\u001b[39m\n                \u001b[33mheight\u001b[39m=\u001b[32m\"24\"\u001b[39m\n                \u001b[33mstroke\u001b[39m=\u001b[32m\"currentColor\"\u001b[39m\n                \u001b[33mstroke-linecap\u001b[39m=\u001b[32m\"round\"\u001b[39m\n                \u001b[33mstroke-linejoin\u001b[39m=\u001b[32m\"round\"\u001b[39m\n                \u001b[33mstroke-width\u001b[39m=\u001b[32m\"2\"\u001b[39m\n                \u001b[33mviewBox\u001b[39m=\u001b[32m\"0 0 24 24\"\u001b[39m\n                \u001b[33mwidth\u001b[39m=\u001b[32m\"24\"\u001b[39m\n                \u001b[33mxmlns\u001b[39m=\u001b[32m\"http://www.w3.org/2000/svg\"\u001b[39m\n              \u001b[36m>\u001b[39m\n                \u001b[36m<path\u001b[39m\n                  \u001b[33md\u001b[39m=\u001b[32m\"M14.106 5.553a2 2 0 0 0 1.788 0l3.659-1.83A1 1 0 0 1 21 4.619v12.764a1 1 0 0 1-.553.894l-4.553 2.277a2 2 0 0 1-1.788 0l-4.212-2.106a2 2 0 0 0-1.788 0l-3.659 1.83A1 1 0 0 1 3 19.381V6.618a1 1 0 0 1 .553-.894l4.553-2.277a2 2 0 0 1 1.788 0z\"\u001b[39m\n                \u001b[36m/>\u001b[39m\n                \u001b[36m<path\u001b[39m\n                  \u001b[33md\u001b[39m=\u001b[32m\"M15 5.764v15\"\u001b[39m\n                \u001b[36m/>\u001b[39m\n                \u001b[36m<path\u001b[39m\n                  \u001b[33md\u001b[39m=\u001b[32m\"M9 3.236v15\"\u001b[39m\n                \u001b[36m/>\u001b[39m\n              \u001b[36m</svg>\u001b[39m\n              \u001b[0mMaps\u001b[0m\n            \u001b[36m</button>\u001b[39m\n            \u001b[36m<button\u001b[39m\n              \u001b[33maria...\n    at waitForWrapper (C:\\Users\\Mervyn\\source\\projects\\campsite-fyp\\frontend\\node_modules\\@testing-library\\dom\\dist\\wait-for.js:163:27)\n    at C:\\Users\\Mervyn\\source\\projects\\campsite-fyp\\frontend\\src\\tests\\integration\\admin-dashboard-flow.test.tsx:65:11\n    at file:///C:/Users/Mervyn/source/projects/campsite-fyp/node_modules/@vitest/runner/dist/chunk-hooks.js:155:11\n    at file:///C:/Users/Mervyn/source/projects/campsite-fyp/node_modules/@vitest/runner/dist/chunk-hooks.js:752:26\n    at file:///C:/Users/Mervyn/source/projects/campsite-fyp/node_modules/@vitest/runner/dist/chunk-hooks.js:1897:20\n    at new Promise (<anonymous>)\n    at runWithTimeout (file:///C:/Users/Mervyn/source/projects/campsite-fyp/node_modules/@vitest/runner/dist/chunk-hooks.js:1863:10)\n    at runTest (file:///C:/Users/Mervyn/source/projects/campsite-fyp/node_modules/@vitest/runner/dist/chunk-hooks.js:1574:12)\n    at processTicksAndRejections (node:internal/process/task_queues:103:5)\n    at runSuite (file:///C:/Users/Mervyn/source/projects/campsite-fyp/node_modules/@vitest/runner/dist/chunk-hooks.js:1729:8)"],"meta":{}},{"ancestorTitles":["Admin Dashboard Flow"],"fullName":"Admin Dashboard Flow should display revenue chart","status":"failed","title":"should display revenue chart","duration":3046.3394000000008,"failureMessages":["Error: Unable to find an element with the text: /\\$15,000/. This could be because the text is broken up by multiple elements. In this case, you can provide a function for your text matcher to make your matcher more flexible.\n\nIgnored nodes: comments, script, style\n\u001b[36m<body\u001b[39m\n  \u001b[33mstyle\u001b[39m=\u001b[32m\"overflow: unset;\"\u001b[39m\n\u001b[36m>\u001b[39m\n  \u001b[36m<div>\u001b[39m\n    \u001b[36m<div\u001b[39m\n      \u001b[33mclass\u001b[39m=\u001b[32m\"min-h-screen bg-nature-bg dark:bg-night-bg py-8 px-4 lg:px-6\"\u001b[39m\n    \u001b[36m>\u001b[39m\n      \u001b[36m<div\u001b[39m\n        \u001b[33mclass\u001b[39m=\u001b[32m\"max-w-7xl mx-auto space-y-8\"\u001b[39m\n      \u001b[36m>\u001b[39m\n        \u001b[36m<div\u001b[39m\n          \u001b[33mclass\u001b[39m=\u001b[32m\"flex flex-col md:flex-row md:items-center justify-between gap-4\"\u001b[39m\n        \u001b[36m>\u001b[39m\n          \u001b[36m<div>\u001b[39m\n            \u001b[36m<h1\u001b[39m\n              \u001b[33mclass\u001b[39m=\u001b[32m\"font-heading text-3xl font-bold text-gray-900 dark:text-gray-100\"\u001b[39m\n            \u001b[36m>\u001b[39m\n              \u001b[0mAdmin Dashboard\u001b[0m\n            \u001b[36m</h1>\u001b[39m\n            \u001b[36m<p\u001b[39m\n              \u001b[33mclass\u001b[39m=\u001b[32m\"text-secondary-600 dark:text-secondary-400\"\u001b[39m\n            \u001b[36m>\u001b[39m\n              \u001b[0mOverview and site management\u001b[0m\n            \u001b[36m</p>\u001b[39m\n          \u001b[36m</div>\u001b[39m\n          \u001b[36m<div\u001b[39m\n            \u001b[33mclass\u001b[39m=\u001b[32m\"flex flex-wrap gap-3\"\u001b[39m\n          \u001b[36m>\u001b[39m\n            \u001b[36m<button\u001b[39m\n              \u001b[33maria-busy\u001b[39m=\u001b[32m\"false\"\u001b[39m\n              \u001b[33mclass\u001b[39m=\u001b[32m\"inline-flex items-center justify-center rounded-xl font-medium transition-all duration-200 ease-out focus-visible:outline-none focus-visible:ring-2 focus-visible:ring-offset-2 disabled:pointer-events-none disabled:opacity-50 border-2 border-primary-500/30 dark:border-primary-400/30 bg-transparent text-primary-600 dark:text-primary-400 hover:bg-primary-50 dark:hover:bg-primary-950/50 hover:border-primary-500 dark:hover:border-primary-400 focus-visible:ring-primary-400 h-11 px-4 text-base min-h-[44px]\"\u001b[39m\n            \u001b[36m>\u001b[39m\n              \u001b[36m<svg\u001b[39m\n                \u001b[33maria-hidden\u001b[39m=\u001b[32m\"true\"\u001b[39m\n                \u001b[33mclass\u001b[39m=\u001b[32m\"lucide lucide-refresh-cw w-4 h-4 mr-2\"\u001b[39m\n                \u001b[33mfill\u001b[39m=\u001b[32m\"none\"\u001b[39m\n                \u001b[33mheight\u001b[39m=\u001b[32m\"24\"\u001b[39m\n                \u001b[33mstroke\u001b[39m=\u001b[32m\"currentColor\"\u001b[39m\n                \u001b[33mstroke-linecap\u001b[39m=\u001b[32m\"round\"\u001b[39m\n                \u001b[33mstroke-linejoin\u001b[39m=\u001b[32m\"round\"\u001b[39m\n                \u001b[33mstroke-width\u001b[39m=\u001b[32m\"2\"\u001b[39m\n                \u001b[33mviewBox\u001b[39m=\u001b[32m\"0 0 24 24\"\u001b[39m\n                \u001b[33mwidth\u001b[39m=\u001b[32m\"24\"\u001b[39m\n                \u001b[33mxmlns\u001b[39m=\u001b[32m\"http://www.w3.org/2000/svg\"\u001b[39m\n              \u001b[36m>\u001b[39m\n                \u001b[36m<path\u001b[39m\n                  \u001b[33md\u001b[39m=\u001b[32m\"M3 12a9 9 0 0 1 9-9 9.75 9.75 0 0 1 6.74 2.74L21 8\"\u001b[39m\n                \u001b[36m/>\u001b[39m\n                \u001b[36m<path\u001b[39m\n                  \u001b[33md\u001b[39m=\u001b[32m\"M21 3v5h-5\"\u001b[39m\n                \u001b[36m/>\u001b[39m\n                \u001b[36m<path\u001b[39m\n                  \u001b[33md\u001b[39m=\u001b[32m\"M21 12a9 9 0 0 1-9 9 9.75 9.75 0 0 1-6.74-2.74L3 16\"\u001b[39m\n                \u001b[36m/>\u001b[39m\n                \u001b[36m<path\u001b[39m\n                  \u001b[33md\u001b[39m=\u001b[32m\"M8 16H3v5\"\u001b[39m\n                \u001b[36m/>\u001b[39m\n              \u001b[36m</svg>\u001b[39m\n              \u001b[0mRefresh\u001b[0m\n            \u001b[36m</button>\u001b[39m\n            \u001b[36m<button\u001b[39m\n              \u001b[33maria-busy\u001b[39m=\u001b[32m\"false\"\u001b[39m\n              \u001b[33mclass\u001b[39m=\u001b[32m\"inline-flex items-center justify-center rounded-xl font-medium transition-all duration-200 ease-out focus-visible:outline-none focus-visible:ring-2 focus-visible:ring-offset-2 disabled:pointer-events-none disabled:opacity-50 border-2 border-primary-500/30 dark:border-primary-400/30 bg-transparent text-primary-600 dark:text-primary-400 hover:bg-primary-50 dark:hover:bg-primary-950/50 hover:border-primary-500 dark:hover:border-primary-400 focus-visible:ring-primary-400 h-11 px-4 text-base min-h-[44px]\"\u001b[39m\n            \u001b[36m>\u001b[39m\n              \u001b[36m<svg\u001b[39m\n                \u001b[33maria-hidden\u001b[39m=\u001b[32m\"true\"\u001b[39m\n                \u001b[33mclass\u001b[39m=\u001b[32m\"lucide lucide-chart-column w-4 h-4 mr-2\"\u001b[39m\n                \u001b[33mfill\u001b[39m=\u001b[32m\"none\"\u001b[39m\n                \u001b[33mheight\u001b[39m=\u001b[32m\"24\"\u001b[39m\n                \u001b[33mstroke\u001b[39m=\u001b[32m\"currentColor\"\u001b[39m\n                \u001b[33mstroke-linecap\u001b[39m=\u001b[32m\"round\"\u001b[39m\n                \u001b[33mstroke-linejoin\u001b[39m=\u001b[32m\"round\"\u001b[39m\n                \u001b[33mstroke-width\u001b[39m=\u001b[32m\"2\"\u001b[39m\n                \u001b[33mviewBox\u001b[39m=\u001b[32m\"0 0 24 24\"\u001b[39m\n                \u001b[33mwidth\u001b[39m=\u001b[32m\"24\"\u001b[39m\n                \u001b[33mxmlns\u001b[39m=\u001b[32m\"http://www.w3.org/2000/svg\"\u001b[39m\n              \u001b[36m>\u001b[39m\n                \u001b[36m<path\u001b[39m\n                  \u001b[33md\u001b[39m=\u001b[32m\"M3 3v16a2 2 0 0 0 2 2h16\"\u001b[39m\n                \u001b[36m/>\u001b[39m\n                \u001b[36m<path\u001b[39m\n                  \u001b[33md\u001b[39m=\u001b[32m\"M18 17V9\"\u001b[39m\n                \u001b[36m/>\u001b[39m\n                \u001b[36m<path\u001b[39m\n                  \u001b[33md\u001b[39m=\u001b[32m\"M13 17V5\"\u001b[39m\n                \u001b[36m/>\u001b[39m\n                \u001b[36m<path\u001b[39m\n                  \u001b[33md\u001b[39m=\u001b[32m\"M8 17v-3\"\u001b[39m\n                \u001b[36m/>\u001b[39m\n              \u001b[36m</svg>\u001b[39m\n              \u001b[0mAnalytics\u001b[0m\n            \u001b[36m</button>\u001b[39m\n            \u001b[36m<button\u001b[39m\n              \u001b[33maria-busy\u001b[39m=\u001b[32m\"false\"\u001b[39m\n              \u001b[33mclass\u001b[39m=\u001b[32m\"inline-flex items-center justify-center rounded-xl font-medium transition-all duration-200 ease-out focus-visible:outline-none focus-visible:ring-2 focus-visible:ring-offset-2 disabled:pointer-events-none disabled:opacity-50 border-2 border-primary-500/30 dark:border-primary-400/30 bg-transparent text-primary-600 dark:text-primary-400 hover:bg-primary-50 dark:hover:bg-primary-950/50 hover:border-primary-500 dark:hover:border-primary-400 focus-visible:ring-primary-400 h-11 px-4 text-base min-h-[44px]\"\u001b[39m\n            \u001b[36m>\u001b[39m\n              \u001b[36m<svg\u001b[39m\n                \u001b[33maria-hidden\u001b[39m=\u001b[32m\"true\"\u001b[39m\n                \u001b[33mclass\u001b[39m=\u001b[32m\"lucide lucide-map w-4 h-4 mr-2\"\u001b[39m\n                \u001b[33mfill\u001b[39m=\u001b[32m\"none\"\u001b[39m\n                \u001b[33mheight\u001b[39m=\u001b[32m\"24\"\u001b[39m\n                \u001b[33mstroke\u001b[39m=\u001b[32m\"currentColor\"\u001b[39m\n                \u001b[33mstroke-linecap\u001b[39m=\u001b[32m\"round\"\u001b[39m\n                \u001b[33mstroke-linejoin\u001b[39m=\u001b[32m\"round\"\u001b[39m\n                \u001b[33mstroke-width\u001b[39m=\u001b[32m\"2\"\u001b[39m\n                \u001b[33mviewBox\u001b[39m=\u001b[32m\"0 0 24 24\"\u001b[39m\n                \u001b[33mwidth\u001b[39m=\u001b[32m\"24\"\u001b[39m\n                \u001b[33mxmlns\u001b[39m=\u001b[32m\"http://www.w3.org/2000/svg\"\u001b[39m\n              \u001b[36m>\u001b[39m\n                \u001b[36m<path\u001b[39m\n                  \u001b[33md\u001b[39m=\u001b[32m\"M14.106 5.553a2 2 0 0 0 1.788 0l3.659-1.83A1 1 0 0 1 21 4.619v12.764a1 1 0 0 1-.553.894l-4.553 2.277a2 2 0 0 1-1.788 0l-4.212-2.106a2 2 0 0 0-1.788 0l-3.659 1.83A1 1 0 0 1 3 19.381V6.618a1 1 0 0 1 .553-.894l4.553-2.277a2 2 0 0 1 1.788 0z\"\u001b[39m\n                \u001b[36m/>\u001b[39m\n                \u001b[36m<path\u001b[39m\n                  \u001b[33md\u001b[39m=\u001b[32m\"M15 5.764v15\"\u001b[39m\n                \u001b[36m/>\u001b[39m\n                \u001b[36m<path\u001b[39m\n                  \u001b[33md\u001b[39m=\u001b[32m\"M9 3.236v15\"\u001b[39m\n                \u001b[36m/>\u001b[39m\n              \u001b[36m</svg>\u001b[39m\n              \u001b[0mMaps\u001b[0m\n            \u001b[36m</button>\u001b[39m\n            \u001b[36m<button\u001b[39m\n              \u001b[33maria...\n    at waitForWrapper (C:\\Users\\Mervyn\\source\\projects\\campsite-fyp\\frontend\\node_modules\\@testing-library\\dom\\dist\\wait-for.js:163:27)\n    at C:\\Users\\Mervyn\\source\\projects\\campsite-fyp\\frontend\\src\\tests\\integration\\admin-dashboard-flow.test.tsx:79:11\n    at file:///C:/Users/Mervyn/source/projects/campsite-fyp/node_modules/@vitest/runner/dist/chunk-hooks.js:155:11\n    at file:///C:/Users/Mervyn/source/projects/campsite-fyp/node_modules/@vitest/runner/dist/chunk-hooks.js:752:26\n    at file:///C:/Users/Mervyn/source/projects/campsite-fyp/node_modules/@vitest/runner/dist/chunk-hooks.js:1897:20\n    at new Promise (<anonymous>)\n    at runWithTimeout (file:///C:/Users/Mervyn/source/projects/campsite-fyp/node_modules/@vitest/runner/dist/chunk-hooks.js:1863:10)\n    at runTest (file:///C:/Users/Mervyn/source/projects/campsite-fyp/node_modules/@vitest/runner/dist/chunk-hooks.js:1574:12)\n    at runSuite (file:///C:/Users/Mervyn/source/projects/campsite-fyp/node_modules/@vitest/runner/dist/chunk-hooks.js:1729:8)\n    at runSuite (file:///C:/Users/Mervyn/source/projects/campsite-fyp/node_modules/@vitest/runner/dist/chunk-hooks.js:1729:8)"],"meta":{}},{"ancestorTitles":["Admin Dashboard Flow"],"fullName":"Admin Dashboard Flow should filter dashboard by date range","status":"failed","title":"should filter dashboard by date range","duration":3027.357400000001,"failureMessages":["Error: Unable to find an element with the text: /\\$15,000/. This could be because the text is broken up by multiple elements. In this case, you can provide a function for your text matcher to make your matcher more flexible.\n\nIgnored nodes: comments, script, style\n\u001b[36m<body\u001b[39m\n  \u001b[33mstyle\u001b[39m=\u001b[32m\"overflow: unset;\"\u001b[39m\n\u001b[36m>\u001b[39m\n  \u001b[36m<div>\u001b[39m\n    \u001b[36m<div\u001b[39m\n      \u001b[33mclass\u001b[39m=\u001b[32m\"min-h-screen bg-nature-bg dark:bg-night-bg py-8 px-4 lg:px-6\"\u001b[39m\n    \u001b[36m>\u001b[39m\n      \u001b[36m<div\u001b[39m\n        \u001b[33mclass\u001b[39m=\u001b[32m\"max-w-7xl mx-auto space-y-8\"\u001b[39m\n      \u001b[36m>\u001b[39m\n        \u001b[36m<div\u001b[39m\n          \u001b[33mclass\u001b[39m=\u001b[32m\"flex flex-col md:flex-row md:items-center justify-between gap-4\"\u001b[39m\n        \u001b[36m>\u001b[39m\n          \u001b[36m<div>\u001b[39m\n            \u001b[36m<h1\u001b[39m\n              \u001b[33mclass\u001b[39m=\u001b[32m\"font-heading text-3xl font-bold text-gray-900 dark:text-gray-100\"\u001b[39m\n            \u001b[36m>\u001b[39m\n              \u001b[0mAdmin Dashboard\u001b[0m\n            \u001b[36m</h1>\u001b[39m\n            \u001b[36m<p\u001b[39m\n              \u001b[33mclass\u001b[39m=\u001b[32m\"text-secondary-600 dark:text-secondary-400\"\u001b[39m\n            \u001b[36m>\u001b[39m\n              \u001b[0mOverview and site management\u001b[0m\n            \u001b[36m</p>\u001b[39m\n          \u001b[36m</div>\u001b[39m\n          \u001b[36m<div\u001b[39m\n            \u001b[33mclass\u001b[39m=\u001b[32m\"flex flex-wrap gap-3\"\u001b[39m\n          \u001b[36m>\u001b[39m\n            \u001b[36m<button\u001b[39m\n              \u001b[33maria-busy\u001b[39m=\u001b[32m\"false\"\u001b[39m\n              \u001b[33mclass\u001b[39m=\u001b[32m\"inline-flex items-center justify-center rounded-xl font-medium transition-all duration-200 ease-out focus-visible:outline-none focus-visible:ring-2 focus-visible:ring-offset-2 disabled:pointer-events-none disabled:opacity-50 border-2 border-primary-500/30 dark:border-primary-400/30 bg-transparent text-primary-600 dark:text-primary-400 hover:bg-primary-50 dark:hover:bg-primary-950/50 hover:border-primary-500 dark:hover:border-primary-400 focus-visible:ring-primary-400 h-11 px-4 text-base min-h-[44px]\"\u001b[39m\n            \u001b[36m>\u001b[39m\n              \u001b[36m<svg\u001b[39m\n                \u001b[33maria-hidden\u001b[39m=\u001b[32m\"true\"\u001b[39m\n                \u001b[33mclass\u001b[39m=\u001b[32m\"lucide lucide-refresh-cw w-4 h-4 mr-2\"\u001b[39m\n                \u001b[33mfill\u001b[39m=\u001b[32m\"none\"\u001b[39m\n                \u001b[33mheight\u001b[39m=\u001b[32m\"24\"\u001b[39m\n                \u001b[33mstroke\u001b[39m=\u001b[32m\"currentColor\"\u001b[39m\n                \u001b[33mstroke-linecap\u001b[39m=\u001b[32m\"round\"\u001b[39m\n                \u001b[33mstroke-linejoin\u001b[39m=\u001b[32m\"round\"\u001b[39m\n                \u001b[33mstroke-width\u001b[39m=\u001b[32m\"2\"\u001b[39m\n                \u001b[33mviewBox\u001b[39m=\u001b[32m\"0 0 24 24\"\u001b[39m\n                \u001b[33mwidth\u001b[39m=\u001b[32m\"24\"\u001b[39m\n                \u001b[33mxmlns\u001b[39m=\u001b[32m\"http://www.w3.org/2000/svg\"\u001b[39m\n              \u001b[36m>\u001b[39m\n                \u001b[36m<path\u001b[39m\n                  \u001b[33md\u001b[39m=\u001b[32m\"M3 12a9 9 0 0 1 9-9 9.75 9.75 0 0 1 6.74 2.74L21 8\"\u001b[39m\n                \u001b[36m/>\u001b[39m\n                \u001b[36m<path\u001b[39m\n                  \u001b[33md\u001b[39m=\u001b[32m\"M21 3v5h-5\"\u001b[39m\n                \u001b[36m/>\u001b[39m\n                \u001b[36m<path\u001b[39m\n                  \u001b[33md\u001b[39m=\u001b[32m\"M21 12a9 9 0 0 1-9 9 9.75 9.75 0 0 1-6.74-2.74L3 16\"\u001b[39m\n                \u001b[36m/>\u001b[39m\n                \u001b[36m<path\u001b[39m\n                  \u001b[33md\u001b[39m=\u001b[32m\"M8 16H3v5\"\u001b[39m\n                \u001b[36m/>\u001b[39m\n              \u001b[36m</svg>\u001b[39m\n              \u001b[0mRefresh\u001b[0m\n            \u001b[36m</button>\u001b[39m\n            \u001b[36m<button\u001b[39m\n              \u001b[33maria-busy\u001b[39m=\u001b[32m\"false\"\u001b[39m\n              \u001b[33mclass\u001b[39m=\u001b[32m\"inline-flex items-center justify-center rounded-xl font-medium transition-all duration-200 ease-out focus-visible:outline-none focus-visible:ring-2 focus-visible:ring-offset-2 disabled:pointer-events-none disabled:opacity-50 border-2 border-primary-500/30 dark:border-primary-400/30 bg-transparent text-primary-600 dark:text-primary-400 hover:bg-primary-50 dark:hover:bg-primary-950/50 hover:border-primary-500 dark:hover:border-primary-400 focus-visible:ring-primary-400 h-11 px-4 text-base min-h-[44px]\"\u001b[39m\n            \u001b[36m>\u001b[39m\n              \u001b[36m<svg\u001b[39m\n                \u001b[33maria-hidden\u001b[39m=\u001b[32m\"true\"\u001b[39m\n                \u001b[33mclass\u001b[39m=\u001b[32m\"lucide lucide-chart-column w-4 h-4 mr-2\"\u001b[39m\n                \u001b[33mfill\u001b[39m=\u001b[32m\"none\"\u001b[39m\n                \u001b[33mheight\u001b[39m=\u001b[32m\"24\"\u001b[39m\n                \u001b[33mstroke\u001b[39m=\u001b[32m\"currentColor\"\u001b[39m\n                \u001b[33mstroke-linecap\u001b[39m=\u001b[32m\"round\"\u001b[39m\n                \u001b[33mstroke-linejoin\u001b[39m=\u001b[32m\"round\"\u001b[39m\n                \u001b[33mstroke-width\u001b[39m=\u001b[32m\"2\"\u001b[39m\n                \u001b[33mviewBox\u001b[39m=\u001b[32m\"0 0 24 24\"\u001b[39m\n                \u001b[33mwidth\u001b[39m=\u001b[32m\"24\"\u001b[39m\n                \u001b[33mxmlns\u001b[39m=\u001b[32m\"http://www.w3.org/2000/svg\"\u001b[39m\n              \u001b[36m>\u001b[39m\n                \u001b[36m<path\u001b[39m\n                  \u001b[33md\u001b[39m=\u001b[32m\"M3 3v16a2 2 0 0 0 2 2h16\"\u001b[39m\n                \u001b[36m/>\u001b[39m\n                \u001b[36m<path\u001b[39m\n                  \u001b[33md\u001b[39m=\u001b[32m\"M18 17V9\"\u001b[39m\n                \u001b[36m/>\u001b[39m\n                \u001b[36m<path\u001b[39m\n                  \u001b[33md\u001b[39m=\u001b[32m\"M13 17V5\"\u001b[39m\n                \u001b[36m/>\u001b[39m\n                \u001b[36m<path\u001b[39m\n                  \u001b[33md\u001b[39m=\u001b[32m\"M8 17v-3\"\u001b[39m\n                \u001b[36m/>\u001b[39m\n              \u001b[36m</svg>\u001b[39m\n              \u001b[0mAnalytics\u001b[0m\n            \u001b[36m</button>\u001b[39m\n            \u001b[36m<button\u001b[39m\n              \u001b[33maria-busy\u001b[39m=\u001b[32m\"false\"\u001b[39m\n              \u001b[33mclass\u001b[39m=\u001b[32m\"inline-flex items-center justify-center rounded-xl font-medium transition-all duration-200 ease-out focus-visible:outline-none focus-visible:ring-2 focus-visible:ring-offset-2 disabled:pointer-events-none disabled:opacity-50 border-2 border-primary-500/30 dark:border-primary-400/30 bg-transparent text-primary-600 dark:text-primary-400 hover:bg-primary-50 dark:hover:bg-primary-950/50 hover:border-primary-500 dark:hover:border-primary-400 focus-visible:ring-primary-400 h-11 px-4 text-base min-h-[44px]\"\u001b[39m\n            \u001b[36m>\u001b[39m\n              \u001b[36m<svg\u001b[39m\n                \u001b[33maria-hidden\u001b[39m=\u001b[32m\"true\"\u001b[39m\n                \u001b[33mclass\u001b[39m=\u001b[32m\"lucide lucide-map w-4 h-4 mr-2\"\u001b[39m\n                \u001b[33mfill\u001b[39m=\u001b[32m\"none\"\u001b[39m\n                \u001b[33mheight\u001b[39m=\u001b[32m\"24\"\u001b[39m\n                \u001b[33mstroke\u001b[39m=\u001b[32m\"currentColor\"\u001b[39m\n                \u001b[33mstroke-linecap\u001b[39m=\u001b[32m\"round\"\u001b[39m\n                \u001b[33mstroke-linejoin\u001b[39m=\u001b[32m\"round\"\u001b[39m\n                \u001b[33mstroke-width\u001b[39m=\u001b[32m\"2\"\u001b[39m\n                \u001b[33mviewBox\u001b[39m=\u001b[32m\"0 0 24 24\"\u001b[39m\n                \u001b[33mwidth\u001b[39m=\u001b[32m\"24\"\u001b[39m\n                \u001b[33mxmlns\u001b[39m=\u001b[32m\"http://www.w3.org/2000/svg\"\u001b[39m\n              \u001b[36m>\u001b[39m\n                \u001b[36m<path\u001b[39m\n                  \u001b[33md\u001b[39m=\u001b[32m\"M14.106 5.553a2 2 0 0 0 1.788 0l3.659-1.83A1 1 0 0 1 21 4.619v12.764a1 1 0 0 1-.553.894l-4.553 2.277a2 2 0 0 1-1.788 0l-4.212-2.106a2 2 0 0 0-1.788 0l-3.659 1.83A1 1 0 0 1 3 19.381V6.618a1 1 0 0 1 .553-.894l4.553-2.277a2 2 0 0 1 1.788 0z\"\u001b[39m\n                \u001b[36m/>\u001b[39m\n                \u001b[36m<path\u001b[39m\n                  \u001b[33md\u001b[39m=\u001b[32m\"M15 5.764v15\"\u001b[39m\n                \u001b[36m/>\u001b[39m\n                \u001b[36m<path\u001b[39m\n                  \u001b[33md\u001b[39m=\u001b[32m\"M9 3.236v15\"\u001b[39m\n                \u001b[36m/>\u001b[39m\n              \u001b[36m</svg>\u001b[39m\n              \u001b[0mMaps\u001b[0m\n            \u001b[36m</button>\u001b[39m\n            \u001b[36m<button\u001b[39m\n              \u001b[33maria...\n    at waitForWrapper (C:\\Users\\Mervyn\\source\\projects\\campsite-fyp\\frontend\\node_modules\\@testing-library\\dom\\dist\\wait-for.js:163:27)\n    at C:\\Users\\Mervyn\\source\\projects\\campsite-fyp\\frontend\\src\\tests\\integration\\admin-dashboard-flow.test.tsx:91:11\n    at file:///C:/Users/Mervyn/source/projects/campsite-fyp/node_modules/@vitest/runner/dist/chunk-hooks.js:155:11\n    at file:///C:/Users/Mervyn/source/projects/campsite-fyp/node_modules/@vitest/runner/dist/chunk-hooks.js:752:26\n    at file:///C:/Users/Mervyn/source/projects/campsite-fyp/node_modules/@vitest/runner/dist/chunk-hooks.js:1897:20\n    at new Promise (<anonymous>)\n    at runWithTimeout (file:///C:/Users/Mervyn/source/projects/campsite-fyp/node_modules/@vitest/runner/dist/chunk-hooks.js:1863:10)\n    at runTest (file:///C:/Users/Mervyn/source/projects/campsite-fyp/node_modules/@vitest/runner/dist/chunk-hooks.js:1574:12)\n    at runSuite (file:///C:/Users/Mervyn/source/projects/campsite-fyp/node_modules/@vitest/runner/dist/chunk-hooks.js:1729:8)\n    at runSuite (file:///C:/Users/Mervyn/source/projects/campsite-fyp/node_modules/@vitest/runner/dist/chunk-hooks.js:1729:8)"],"meta":{}},{"ancestorTitles":["Admin Dashboard Flow"],"fullName":"Admin Dashboard Flow should export report","status":"failed","title":"should export report","duration":3022.6882000000005,"failureMessages":["Error: Unable to find an element with the text: /\\$15,000/. This could be because the text is broken up by multiple elements. In this case, you can provide a function for your text matcher to make your matcher more flexible.\n\nIgnored nodes: comments, script, style\n\u001b[36m<body\u001b[39m\n  \u001b[33mstyle\u001b[39m=\u001b[32m\"overflow: unset;\"\u001b[39m\n\u001b[36m>\u001b[39m\n  \u001b[36m<div>\u001b[39m\n    \u001b[36m<div\u001b[39m\n      \u001b[33mclass\u001b[39m=\u001b[32m\"min-h-screen bg-nature-bg dark:bg-night-bg py-8 px-4 lg:px-6\"\u001b[39m\n    \u001b[36m>\u001b[39m\n      \u001b[36m<div\u001b[39m\n        \u001b[33mclass\u001b[39m=\u001b[32m\"max-w-7xl mx-auto space-y-8\"\u001b[39m\n      \u001b[36m>\u001b[39m\n        \u001b[36m<div\u001b[39m\n          \u001b[33mclass\u001b[39m=\u001b[32m\"flex flex-col md:flex-row md:items-center justify-between gap-4\"\u001b[39m\n        \u001b[36m>\u001b[39m\n          \u001b[36m<div>\u001b[39m\n            \u001b[36m<h1\u001b[39m\n              \u001b[33mclass\u001b[39m=\u001b[32m\"font-heading text-3xl font-bold text-gray-900 dark:text-gray-100\"\u001b[39m\n            \u001b[36m>\u001b[39m\n              \u001b[0mAdmin Dashboard\u001b[0m\n            \u001b[36m</h1>\u001b[39m\n            \u001b[36m<p\u001b[39m\n              \u001b[33mclass\u001b[39m=\u001b[32m\"text-secondary-600 dark:text-secondary-400\"\u001b[39m\n            \u001b[36m>\u001b[39m\n              \u001b[0mOverview and site management\u001b[0m\n            \u001b[36m</p>\u001b[39m\n          \u001b[36m</div>\u001b[39m\n          \u001b[36m<div\u001b[39m\n            \u001b[33mclass\u001b[39m=\u001b[32m\"flex flex-wrap gap-3\"\u001b[39m\n          \u001b[36m>\u001b[39m\n            \u001b[36m<button\u001b[39m\n              \u001b[33maria-busy\u001b[39m=\u001b[32m\"false\"\u001b[39m\n              \u001b[33mclass\u001b[39m=\u001b[32m\"inline-flex items-center justify-center rounded-xl font-medium transition-all duration-200 ease-out focus-visible:outline-none focus-visible:ring-2 focus-visible:ring-offset-2 disabled:pointer-events-none disabled:opacity-50 border-2 border-primary-500/30 dark:border-primary-400/30 bg-transparent text-primary-600 dark:text-primary-400 hover:bg-primary-50 dark:hover:bg-primary-950/50 hover:border-primary-500 dark:hover:border-primary-400 focus-visible:ring-primary-400 h-11 px-4 text-base min-h-[44px]\"\u001b[39m\n            \u001b[36m>\u001b[39m\n              \u001b[36m<svg\u001b[39m\n                \u001b[33maria-hidden\u001b[39m=\u001b[32m\"true\"\u001b[39m\n                \u001b[33mclass\u001b[39m=\u001b[32m\"lucide lucide-refresh-cw w-4 h-4 mr-2\"\u001b[39m\n                \u001b[33mfill\u001b[39m=\u001b[32m\"none\"\u001b[39m\n                \u001b[33mheight\u001b[39m=\u001b[32m\"24\"\u001b[39m\n                \u001b[33mstroke\u001b[39m=\u001b[32m\"currentColor\"\u001b[39m\n                \u001b[33mstroke-linecap\u001b[39m=\u001b[32m\"round\"\u001b[39m\n                \u001b[33mstroke-linejoin\u001b[39m=\u001b[32m\"round\"\u001b[39m\n                \u001b[33mstroke-width\u001b[39m=\u001b[32m\"2\"\u001b[39m\n                \u001b[33mviewBox\u001b[39m=\u001b[32m\"0 0 24 24\"\u001b[39m\n                \u001b[33mwidth\u001b[39m=\u001b[32m\"24\"\u001b[39m\n                \u001b[33mxmlns\u001b[39m=\u001b[32m\"http://www.w3.org/2000/svg\"\u001b[39m\n              \u001b[36m>\u001b[39m\n                \u001b[36m<path\u001b[39m\n                  \u001b[33md\u001b[39m=\u001b[32m\"M3 12a9 9 0 0 1 9-9 9.75 9.75 0 0 1 6.74 2.74L21 8\"\u001b[39m\n                \u001b[36m/>\u001b[39m\n                \u001b[36m<path\u001b[39m\n                  \u001b[33md\u001b[39m=\u001b[32m\"M21 3v5h-5\"\u001b[39m\n                \u001b[36m/>\u001b[39m\n                \u001b[36m<path\u001b[39m\n                  \u001b[33md\u001b[39m=\u001b[32m\"M21 12a9 9 0 0 1-9 9 9.75 9.75 0 0 1-6.74-2.74L3 16\"\u001b[39m\n                \u001b[36m/>\u001b[39m\n                \u001b[36m<path\u001b[39m\n                  \u001b[33md\u001b[39m=\u001b[32m\"M8 16H3v5\"\u001b[39m\n                \u001b[36m/>\u001b[39m\n              \u001b[36m</svg>\u001b[39m\n              \u001b[0mRefresh\u001b[0m\n            \u001b[36m</button>\u001b[39m\n            \u001b[36m<button\u001b[39m\n              \u001b[33maria-busy\u001b[39m=\u001b[32m\"false\"\u001b[39m\n              \u001b[33mclass\u001b[39m=\u001b[32m\"inline-flex items-center justify-center rounded-xl font-medium transition-all duration-200 ease-out focus-visible:outline-none focus-visible:ring-2 focus-visible:ring-offset-2 disabled:pointer-events-none disabled:opacity-50 border-2 border-primary-500/30 dark:border-primary-400/30 bg-transparent text-primary-600 dark:text-primary-400 hover:bg-primary-50 dark:hover:bg-primary-950/50 hover:border-primary-500 dark:hover:border-primary-400 focus-visible:ring-primary-400 h-11 px-4 text-base min-h-[44px]\"\u001b[39m\n            \u001b[36m>\u001b[39m\n              \u001b[36m<svg\u001b[39m\n                \u001b[33maria-hidden\u001b[39m=\u001b[32m\"true\"\u001b[39m\n                \u001b[33mclass\u001b[39m=\u001b[32m\"lucide lucide-chart-column w-4 h-4 mr-2\"\u001b[39m\n                \u001b[33mfill\u001b[39m=\u001b[32m\"none\"\u001b[39m\n                \u001b[33mheight\u001b[39m=\u001b[32m\"24\"\u001b[39m\n                \u001b[33mstroke\u001b[39m=\u001b[32m\"currentColor\"\u001b[39m\n                \u001b[33mstroke-linecap\u001b[39m=\u001b[32m\"round\"\u001b[39m\n                \u001b[33mstroke-linejoin\u001b[39m=\u001b[32m\"round\"\u001b[39m\n                \u001b[33mstroke-width\u001b[39m=\u001b[32m\"2\"\u001b[39m\n                \u001b[33mviewBox\u001b[39m=\u001b[32m\"0 0 24 24\"\u001b[39m\n                \u001b[33mwidth\u001b[39m=\u001b[32m\"24\"\u001b[39m\n                \u001b[33mxmlns\u001b[39m=\u001b[32m\"http://www.w3.org/2000/svg\"\u001b[39m\n              \u001b[36m>\u001b[39m\n                \u001b[36m<path\u001b[39m\n                  \u001b[33md\u001b[39m=\u001b[32m\"M3 3v16a2 2 0 0 0 2 2h16\"\u001b[39m\n                \u001b[36m/>\u001b[39m\n                \u001b[36m<path\u001b[39m\n                  \u001b[33md\u001b[39m=\u001b[32m\"M18 17V9\"\u001b[39m\n                \u001b[36m/>\u001b[39m\n                \u001b[36m<path\u001b[39m\n                  \u001b[33md\u001b[39m=\u001b[32m\"M13 17V5\"\u001b[39m\n                \u001b[36m/>\u001b[39m\n                \u001b[36m<path\u001b[39m\n                  \u001b[33md\u001b[39m=\u001b[32m\"M8 17v-3\"\u001b[39m\n                \u001b[36m/>\u001b[39m\n              \u001b[36m</svg>\u001b[39m\n              \u001b[0mAnalytics\u001b[0m\n            \u001b[36m</button>\u001b[39m\n            \u001b[36m<button\u001b[39m\n              \u001b[33maria-busy\u001b[39m=\u001b[32m\"false\"\u001b[39m\n              \u001b[33mclass\u001b[39m=\u001b[32m\"inline-flex items-center justify-center rounded-xl font-medium transition-all duration-200 ease-out focus-visible:outline-none focus-visible:ring-2 focus-visible:ring-offset-2 disabled:pointer-events-none disabled:opacity-50 border-2 border-primary-500/30 dark:border-primary-400/30 bg-transparent text-primary-600 dark:text-primary-400 hover:bg-primary-50 dark:hover:bg-primary-950/50 hover:border-primary-500 dark:hover:border-primary-400 focus-visible:ring-primary-400 h-11 px-4 text-base min-h-[44px]\"\u001b[39m\n            \u001b[36m>\u001b[39m\n              \u001b[36m<svg\u001b[39m\n                \u001b[33maria-hidden\u001b[39m=\u001b[32m\"true\"\u001b[39m\n                \u001b[33mclass\u001b[39m=\u001b[32m\"lucide lucide-map w-4 h-4 mr-2\"\u001b[39m\n                \u001b[33mfill\u001b[39m=\u001b[32m\"none\"\u001b[39m\n                \u001b[33mheight\u001b[39m=\u001b[32m\"24\"\u001b[39m\n                \u001b[33mstroke\u001b[39m=\u001b[32m\"currentColor\"\u001b[39m\n                \u001b[33mstroke-linecap\u001b[39m=\u001b[32m\"round\"\u001b[39m\n                \u001b[33mstroke-linejoin\u001b[39m=\u001b[32m\"round\"\u001b[39m\n                \u001b[33mstroke-width\u001b[39m=\u001b[32m\"2\"\u001b[39m\n                \u001b[33mviewBox\u001b[39m=\u001b[32m\"0 0 24 24\"\u001b[39m\n                \u001b[33mwidth\u001b[39m=\u001b[32m\"24\"\u001b[39m\n                \u001b[33mxmlns\u001b[39m=\u001b[32m\"http://www.w3.org/2000/svg\"\u001b[39m\n              \u001b[36m>\u001b[39m\n                \u001b[36m<path\u001b[39m\n                  \u001b[33md\u001b[39m=\u001b[32m\"M14.106 5.553a2 2 0 0 0 1.788 0l3.659-1.83A1 1 0 0 1 21 4.619v12.764a1 1 0 0 1-.553.894l-4.553 2.277a2 2 0 0 1-1.788 0l-4.212-2.106a2 2 0 0 0-1.788 0l-3.659 1.83A1 1 0 0 1 3 19.381V6.618a1 1 0 0 1 .553-.894l4.553-2.277a2 2 0 0 1 1.788 0z\"\u001b[39m\n                \u001b[36m/>\u001b[39m\n                \u001b[36m<path\u001b[39m\n                  \u001b[33md\u001b[39m=\u001b[32m\"M15 5.764v15\"\u001b[39m\n                \u001b[36m/>\u001b[39m\n                \u001b[36m<path\u001b[39m\n                  \u001b[33md\u001b[39m=\u001b[32m\"M9 3.236v15\"\u001b[39m\n                \u001b[36m/>\u001b[39m\n              \u001b[36m</svg>\u001b[39m\n              \u001b[0mMaps\u001b[0m\n            \u001b[36m</button>\u001b[39m\n            \u001b[36m<button\u001b[39m\n              \u001b[33maria...\n    at waitForWrapper (C:\\Users\\Mervyn\\source\\projects\\campsite-fyp\\frontend\\node_modules\\@testing-library\\dom\\dist\\wait-for.js:163:27)\n    at C:\\Users\\Mervyn\\source\\projects\\campsite-fyp\\frontend\\src\\tests\\integration\\admin-dashboard-flow.test.tsx:135:11\n    at file:///C:/Users/Mervyn/source/projects/campsite-fyp/node_modules/@vitest/runner/dist/chunk-hooks.js:155:11\n    at file:///C:/Users/Mervyn/source/projects/campsite-fyp/node_modules/@vitest/runner/dist/chunk-hooks.js:752:26\n    at file:///C:/Users/Mervyn/source/projects/campsite-fyp/node_modules/@vitest/runner/dist/chunk-hooks.js:1897:20\n    at new Promise (<anonymous>)\n    at runWithTimeout (file:///C:/Users/Mervyn/source/projects/campsite-fyp/node_modules/@vitest/runner/dist/chunk-hooks.js:1863:10)\n    at runTest (file:///C:/Users/Mervyn/source/projects/campsite-fyp/node_modules/@vitest/runner/dist/chunk-hooks.js:1574:12)\n    at runSuite (file:///C:/Users/Mervyn/source/projects/campsite-fyp/node_modules/@vitest/runner/dist/chunk-hooks.js:1729:8)\n    at runSuite (file:///C:/Users/Mervyn/source/projects/campsite-fyp/node_modules/@vitest/runner/dist/chunk-hooks.js:1729:8)"],"meta":{}},{"ancestorTitles":["Admin Dashboard Flow"],"fullName":"Admin Dashboard Flow should display occupancy trends","status":"failed","title":"should display occupancy trends","duration":3014.986499999999,"failureMessages":["Error: Unable to find an element with the text: /75%/. This could be because the text is broken up by multiple elements. In this case, you can provide a function for your text matcher to make your matcher more flexible.\n\nIgnored nodes: comments, script, style\n\u001b[36m<body\u001b[39m\n  \u001b[33mstyle\u001b[39m=\u001b[32m\"overflow: unset;\"\u001b[39m\n\u001b[36m>\u001b[39m\n  \u001b[36m<div>\u001b[39m\n    \u001b[36m<div\u001b[39m\n      \u001b[33mclass\u001b[39m=\u001b[32m\"min-h-screen bg-nature-bg dark:bg-night-bg py-8 px-4 lg:px-6\"\u001b[39m\n    \u001b[36m>\u001b[39m\n      \u001b[36m<div\u001b[39m\n        \u001b[33mclass\u001b[39m=\u001b[32m\"max-w-7xl mx-auto space-y-8\"\u001b[39m\n      \u001b[36m>\u001b[39m\n        \u001b[36m<div\u001b[39m\n          \u001b[33mclass\u001b[39m=\u001b[32m\"flex flex-col md:flex-row md:items-center justify-between gap-4\"\u001b[39m\n        \u001b[36m>\u001b[39m\n          \u001b[36m<div>\u001b[39m\n            \u001b[36m<h1\u001b[39m\n              \u001b[33mclass\u001b[39m=\u001b[32m\"font-heading text-3xl font-bold text-gray-900 dark:text-gray-100\"\u001b[39m\n            \u001b[36m>\u001b[39m\n              \u001b[0mAdmin Dashboard\u001b[0m\n            \u001b[36m</h1>\u001b[39m\n            \u001b[36m<p\u001b[39m\n              \u001b[33mclass\u001b[39m=\u001b[32m\"text-secondary-600 dark:text-secondary-400\"\u001b[39m\n            \u001b[36m>\u001b[39m\n              \u001b[0mOverview and site management\u001b[0m\n            \u001b[36m</p>\u001b[39m\n          \u001b[36m</div>\u001b[39m\n          \u001b[36m<div\u001b[39m\n            \u001b[33mclass\u001b[39m=\u001b[32m\"flex flex-wrap gap-3\"\u001b[39m\n          \u001b[36m>\u001b[39m\n            \u001b[36m<button\u001b[39m\n              \u001b[33maria-busy\u001b[39m=\u001b[32m\"false\"\u001b[39m\n              \u001b[33mclass\u001b[39m=\u001b[32m\"inline-flex items-center justify-center rounded-xl font-medium transition-all duration-200 ease-out focus-visible:outline-none focus-visible:ring-2 focus-visible:ring-offset-2 disabled:pointer-events-none disabled:opacity-50 border-2 border-primary-500/30 dark:border-primary-400/30 bg-transparent text-primary-600 dark:text-primary-400 hover:bg-primary-50 dark:hover:bg-primary-950/50 hover:border-primary-500 dark:hover:border-primary-400 focus-visible:ring-primary-400 h-11 px-4 text-base min-h-[44px]\"\u001b[39m\n            \u001b[36m>\u001b[39m\n              \u001b[36m<svg\u001b[39m\n                \u001b[33maria-hidden\u001b[39m=\u001b[32m\"true\"\u001b[39m\n                \u001b[33mclass\u001b[39m=\u001b[32m\"lucide lucide-refresh-cw w-4 h-4 mr-2\"\u001b[39m\n                \u001b[33mfill\u001b[39m=\u001b[32m\"none\"\u001b[39m\n                \u001b[33mheight\u001b[39m=\u001b[32m\"24\"\u001b[39m\n                \u001b[33mstroke\u001b[39m=\u001b[32m\"currentColor\"\u001b[39m\n                \u001b[33mstroke-linecap\u001b[39m=\u001b[32m\"round\"\u001b[39m\n                \u001b[33mstroke-linejoin\u001b[39m=\u001b[32m\"round\"\u001b[39m\n                \u001b[33mstroke-width\u001b[39m=\u001b[32m\"2\"\u001b[39m\n                \u001b[33mviewBox\u001b[39m=\u001b[32m\"0 0 24 24\"\u001b[39m\n                \u001b[33mwidth\u001b[39m=\u001b[32m\"24\"\u001b[39m\n                \u001b[33mxmlns\u001b[39m=\u001b[32m\"http://www.w3.org/2000/svg\"\u001b[39m\n              \u001b[36m>\u001b[39m\n                \u001b[36m<path\u001b[39m\n                  \u001b[33md\u001b[39m=\u001b[32m\"M3 12a9 9 0 0 1 9-9 9.75 9.75 0 0 1 6.74 2.74L21 8\"\u001b[39m\n                \u001b[36m/>\u001b[39m\n                \u001b[36m<path\u001b[39m\n                  \u001b[33md\u001b[39m=\u001b[32m\"M21 3v5h-5\"\u001b[39m\n                \u001b[36m/>\u001b[39m\n                \u001b[36m<path\u001b[39m\n                  \u001b[33md\u001b[39m=\u001b[32m\"M21 12a9 9 0 0 1-9 9 9.75 9.75 0 0 1-6.74-2.74L3 16\"\u001b[39m\n                \u001b[36m/>\u001b[39m\n                \u001b[36m<path\u001b[39m\n                  \u001b[33md\u001b[39m=\u001b[32m\"M8 16H3v5\"\u001b[39m\n                \u001b[36m/>\u001b[39m\n              \u001b[36m</svg>\u001b[39m\n              \u001b[0mRefresh\u001b[0m\n            \u001b[36m</button>\u001b[39m\n            \u001b[36m<button\u001b[39m\n              \u001b[33maria-busy\u001b[39m=\u001b[32m\"false\"\u001b[39m\n              \u001b[33mclass\u001b[39m=\u001b[32m\"inline-flex items-center justify-center rounded-xl font-medium transition-all duration-200 ease-out focus-visible:outline-none focus-visible:ring-2 focus-visible:ring-offset-2 disabled:pointer-events-none disabled:opacity-50 border-2 border-primary-500/30 dark:border-primary-400/30 bg-transparent text-primary-600 dark:text-primary-400 hover:bg-primary-50 dark:hover:bg-primary-950/50 hover:border-primary-500 dark:hover:border-primary-400 focus-visible:ring-primary-400 h-11 px-4 text-base min-h-[44px]\"\u001b[39m\n            \u001b[36m>\u001b[39m\n              \u001b[36m<svg\u001b[39m\n                \u001b[33maria-hidden\u001b[39m=\u001b[32m\"true\"\u001b[39m\n                \u001b[33mclass\u001b[39m=\u001b[32m\"lucide lucide-chart-column w-4 h-4 mr-2\"\u001b[39m\n                \u001b[33mfill\u001b[39m=\u001b[32m\"none\"\u001b[39m\n                \u001b[33mheight\u001b[39m=\u001b[32m\"24\"\u001b[39m\n                \u001b[33mstroke\u001b[39m=\u001b[32m\"currentColor\"\u001b[39m\n                \u001b[33mstroke-linecap\u001b[39m=\u001b[32m\"round\"\u001b[39m\n                \u001b[33mstroke-linejoin\u001b[39m=\u001b[32m\"round\"\u001b[39m\n                \u001b[33mstroke-width\u001b[39m=\u001b[32m\"2\"\u001b[39m\n                \u001b[33mviewBox\u001b[39m=\u001b[32m\"0 0 24 24\"\u001b[39m\n                \u001b[33mwidth\u001b[39m=\u001b[32m\"24\"\u001b[39m\n                \u001b[33mxmlns\u001b[39m=\u001b[32m\"http://www.w3.org/2000/svg\"\u001b[39m\n              \u001b[36m>\u001b[39m\n                \u001b[36m<path\u001b[39m\n                  \u001b[33md\u001b[39m=\u001b[32m\"M3 3v16a2 2 0 0 0 2 2h16\"\u001b[39m\n                \u001b[36m/>\u001b[39m\n                \u001b[36m<path\u001b[39m\n                  \u001b[33md\u001b[39m=\u001b[32m\"M18 17V9\"\u001b[39m\n                \u001b[36m/>\u001b[39m\n                \u001b[36m<path\u001b[39m\n                  \u001b[33md\u001b[39m=\u001b[32m\"M13 17V5\"\u001b[39m\n                \u001b[36m/>\u001b[39m\n                \u001b[36m<path\u001b[39m\n                  \u001b[33md\u001b[39m=\u001b[32m\"M8 17v-3\"\u001b[39m\n                \u001b[36m/>\u001b[39m\n              \u001b[36m</svg>\u001b[39m\n              \u001b[0mAnalytics\u001b[0m\n            \u001b[36m</button>\u001b[39m\n            \u001b[36m<button\u001b[39m\n              \u001b[33maria-busy\u001b[39m=\u001b[32m\"false\"\u001b[39m\n              \u001b[33mclass\u001b[39m=\u001b[32m\"inline-flex items-center justify-center rounded-xl font-medium transition-all duration-200 ease-out focus-visible:outline-none focus-visible:ring-2 focus-visible:ring-offset-2 disabled:pointer-events-none disabled:opacity-50 border-2 border-primary-500/30 dark:border-primary-400/30 bg-transparent text-primary-600 dark:text-primary-400 hover:bg-primary-50 dark:hover:bg-primary-950/50 hover:border-primary-500 dark:hover:border-primary-400 focus-visible:ring-primary-400 h-11 px-4 text-base min-h-[44px]\"\u001b[39m\n            \u001b[36m>\u001b[39m\n              \u001b[36m<svg\u001b[39m\n                \u001b[33maria-hidden\u001b[39m=\u001b[32m\"true\"\u001b[39m\n                \u001b[33mclass\u001b[39m=\u001b[32m\"lucide lucide-map w-4 h-4 mr-2\"\u001b[39m\n                \u001b[33mfill\u001b[39m=\u001b[32m\"none\"\u001b[39m\n                \u001b[33mheight\u001b[39m=\u001b[32m\"24\"\u001b[39m\n                \u001b[33mstroke\u001b[39m=\u001b[32m\"currentColor\"\u001b[39m\n                \u001b[33mstroke-linecap\u001b[39m=\u001b[32m\"round\"\u001b[39m\n                \u001b[33mstroke-linejoin\u001b[39m=\u001b[32m\"round\"\u001b[39m\n                \u001b[33mstroke-width\u001b[39m=\u001b[32m\"2\"\u001b[39m\n                \u001b[33mviewBox\u001b[39m=\u001b[32m\"0 0 24 24\"\u001b[39m\n                \u001b[33mwidth\u001b[39m=\u001b[32m\"24\"\u001b[39m\n                \u001b[33mxmlns\u001b[39m=\u001b[32m\"http://www.w3.org/2000/svg\"\u001b[39m\n              \u001b[36m>\u001b[39m\n                \u001b[36m<path\u001b[39m\n                  \u001b[33md\u001b[39m=\u001b[32m\"M14.106 5.553a2 2 0 0 0 1.788 0l3.659-1.83A1 1 0 0 1 21 4.619v12.764a1 1 0 0 1-.553.894l-4.553 2.277a2 2 0 0 1-1.788 0l-4.212-2.106a2 2 0 0 0-1.788 0l-3.659 1.83A1 1 0 0 1 3 19.381V6.618a1 1 0 0 1 .553-.894l4.553-2.277a2 2 0 0 1 1.788 0z\"\u001b[39m\n                \u001b[36m/>\u001b[39m\n                \u001b[36m<path\u001b[39m\n                  \u001b[33md\u001b[39m=\u001b[32m\"M15 5.764v15\"\u001b[39m\n                \u001b[36m/>\u001b[39m\n                \u001b[36m<path\u001b[39m\n                  \u001b[33md\u001b[39m=\u001b[32m\"M9 3.236v15\"\u001b[39m\n                \u001b[36m/>\u001b[39m\n              \u001b[36m</svg>\u001b[39m\n              \u001b[0mMaps\u001b[0m\n            \u001b[36m</button>\u001b[39m\n            \u001b[36m<button\u001b[39m\n              \u001b[33maria...\n    at waitForWrapper (C:\\Users\\Mervyn\\source\\projects\\campsite-fyp\\frontend\\node_modules\\@testing-library\\dom\\dist\\wait-for.js:163:27)\n    at C:\\Users\\Mervyn\\source\\projects\\campsite-fyp\\frontend\\src\\tests\\integration\\admin-dashboard-flow.test.tsx:161:11\n    at file:///C:/Users/Mervyn/source/projects/campsite-fyp/node_modules/@vitest/runner/dist/chunk-hooks.js:155:11\n    at file:///C:/Users/Mervyn/source/projects/campsite-fyp/node_modules/@vitest/runner/dist/chunk-hooks.js:752:26\n    at file:///C:/Users/Mervyn/source/projects/campsite-fyp/node_modules/@vitest/runner/dist/chunk-hooks.js:1897:20\n    at new Promise (<anonymous>)\n    at runWithTimeout (file:///C:/Users/Mervyn/source/projects/campsite-fyp/node_modules/@vitest/runner/dist/chunk-hooks.js:1863:10)\n    at runTest (file:///C:/Users/Mervyn/source/projects/campsite-fyp/node_modules/@vitest/runner/dist/chunk-hooks.js:1574:12)\n    at runSuite (file:///C:/Users/Mervyn/source/projects/campsite-fyp/node_modules/@vitest/runner/dist/chunk-hooks.js:1729:8)\n    at runSuite (file:///C:/Users/Mervyn/source/projects/campsite-fyp/node_modules/@vitest/runner/dist/chunk-hooks.js:1729:8)"],"meta":{}}],"startTime":1774062960280,"endTime":1774062975622.9866,"status":"failed","message":"","name":"C:/Users/Mervyn/source/projects/campsite-fyp/frontend/src/tests/integration/admin-dashboard-flow.test.tsx"},{"assertionResults":[{"ancestorTitles":["Authentication Flow"],"fullName":"Authentication Flow should login successfully with valid credentials","status":"passed","title":"should login successfully with valid credentials","duration":1394.3061000000007,"failureMessages":[],"meta":{}},{"ancestorTitles":["Authentication Flow"],"fullName":"Authentication Flow should show error message with invalid credentials","status":"passed","title":"should show error message with invalid credentials","duration":896.715900000001,"failureMessages":[],"meta":{}},{"ancestorTitles":["Authentication Flow"],"fullName":"Authentication Flow should register a new user successfully","status":"passed","title":"should register a new user successfully","duration":2153.4130000000005,"failureMessages":[],"meta":{}},{"ancestorTitles":["Authentication Flow"],"fullName":"Authentication Flow should validate password match during registration","status":"passed","title":"should validate password match during registration","duration":560.2456000000002,"failureMessages":[],"meta":{}}],"startTime":1774062960401,"endTime":1774062965406.2456,"status":"passed","message":"","name":"C:/Users/Mervyn/source/projects/campsite-fyp/frontend/src/tests/integration/auth-flow.test.tsx"},{"assertionResults":[{"ancestorTitles":["Customer Booking Flow"],"fullName":"Customer Booking Flow should complete a booking successfully (Happy Path)","status":"passed","title":"should complete a booking successfully (Happy Path)","duration":3648.395800000001,"failureMessages":[],"meta":{}},{"ancestorTitles":["Customer Booking Flow"],"fullName":"Customer Booking Flow should display error when API call fails (Negative Path)","status":"failed","title":"should display error when API call fails (Negative Path)","duration":3427.4583000000002,"failureMessages":["Error: Unable to find an element with the text: /simulated api error/i. This could be because the text is broken up by multiple elements. In this case, you can provide a function for your text matcher to make your matcher more flexible.\n\nIgnored nodes: comments, script, style\n\u001b[36m<body>\u001b[39m\n  \u001b[36m<div>\u001b[39m\n    \u001b[36m<div\u001b[39m\n      \u001b[33mclass\u001b[39m=\u001b[32m\"min-h-screen bg-nature-bg dark:bg-night-bg py-8 md:py-12 px-4 sm:px-6\"\u001b[39m\n    \u001b[36m>\u001b[39m\n      \u001b[36m<div\u001b[39m\n        \u001b[33mclass\u001b[39m=\u001b[32m\"max-w-7xl mx-auto\"\u001b[39m\n      \u001b[36m>\u001b[39m\n        \u001b[36m<div\u001b[39m\n          \u001b[33mclass\u001b[39m=\u001b[32m\"mb-8\"\u001b[39m\n        \u001b[36m>\u001b[39m\n          \u001b[36m<h1\u001b[39m\n            \u001b[33mclass\u001b[39m=\u001b[32m\"font-heading text-3xl font-bold text-gray-900 dark:text-gray-100 mb-2\"\u001b[39m\n          \u001b[36m>\u001b[39m\n            \u001b[0mSecure Your Reservation\u001b[0m\n          \u001b[36m</h1>\u001b[39m\n          \u001b[36m<p\u001b[39m\n            \u001b[33mclass\u001b[39m=\u001b[32m\"text-secondary-600 dark:text-secondary-400\"\u001b[39m\n          \u001b[36m>\u001b[39m\n            \u001b[0mComplete your booking for \u001b[0m\n            \u001b[36m<span\u001b[39m\n              \u001b[33mclass\u001b[39m=\u001b[32m\"font-semibold text-primary-700 dark:text-primary-400\"\u001b[39m\n            \u001b[36m>\u001b[39m\n              \u001b[0mSite A1\u001b[0m\n            \u001b[36m</span>\u001b[39m\n          \u001b[36m</p>\u001b[39m\n        \u001b[36m</div>\u001b[39m\n        \u001b[36m<div\u001b[39m\n          \u001b[33mclass\u001b[39m=\u001b[32m\"max-w-4xl mx-auto\"\u001b[39m\n        \u001b[36m>\u001b[39m\n          \u001b[36m<div\u001b[39m\n            \u001b[33mclass\u001b[39m=\u001b[32m\"mb-8\"\u001b[39m\n          \u001b[36m>\u001b[39m\n            \u001b[36m<div\u001b[39m\n              \u001b[33mclass\u001b[39m=\u001b[32m\"mb-6 bg-white dark:bg-gray-800 rounded-lg border border-gray-200 dark:border-gray-700 p-4 shadow-sm\"\u001b[39m\n            \u001b[36m>\u001b[39m\n              \u001b[36m<div\u001b[39m\n                \u001b[33mclass\u001b[39m=\u001b[32m\"flex items-center justify-between\"\u001b[39m\n              \u001b[36m>\u001b[39m\n                \u001b[36m<div\u001b[39m\n                  \u001b[33mclass\u001b[39m=\u001b[32m\"flex items-center flex-1\"\u001b[39m\n                \u001b[36m>\u001b[39m\n                  \u001b[36m<div\u001b[39m\n                    \u001b[33mclass\u001b[39m=\u001b[32m\"flex flex-col items-center flex-1\"\u001b[39m\n                  \u001b[36m>\u001b[39m\n                    \u001b[36m<div\u001b[39m\n                      \u001b[33mclass\u001b[39m=\u001b[32m\"w-10 h-10 rounded-full flex items-center justify-center text-sm font-semibold transition-all duration-200 bg-blue-600 dark:bg-blue-500 text-white shadow-md\"\u001b[39m\n                    \u001b[36m>\u001b[39m\n                      \u001b[36m<svg\u001b[39m\n                        \u001b[33maria-hidden\u001b[39m=\u001b[32m\"true\"\u001b[39m\n                        \u001b[33mclass\u001b[39m=\u001b[32m\"lucide lucide-calendar\"\u001b[39m\n                        \u001b[33mfill\u001b[39m=\u001b[32m\"none\"\u001b[39m\n                        \u001b[33mheight\u001b[39m=\u001b[32m\"16\"\u001b[39m\n                        \u001b[33mstroke\u001b[39m=\u001b[32m\"currentColor\"\u001b[39m\n                        \u001b[33mstroke-linecap\u001b[39m=\u001b[32m\"round\"\u001b[39m\n                        \u001b[33mstroke-linejoin\u001b[39m=\u001b[32m\"round\"\u001b[39m\n                        \u001b[33mstroke-width\u001b[39m=\u001b[32m\"2\"\u001b[39m\n                        \u001b[33mviewBox\u001b[39m=\u001b[32m\"0 0 24 24\"\u001b[39m\n                        \u001b[33mwidth\u001b[39m=\u001b[32m\"16\"\u001b[39m\n                        \u001b[33mxmlns\u001b[39m=\u001b[32m\"http://www.w3.org/2000/svg\"\u001b[39m\n                      \u001b[36m>\u001b[39m\n                        \u001b[36m<path\u001b[39m\n                          \u001b[33md\u001b[39m=\u001b[32m\"M8 2v4\"\u001b[39m\n                        \u001b[36m/>\u001b[39m\n                        \u001b[36m<path\u001b[39m\n                          \u001b[33md\u001b[39m=\u001b[32m\"M16 2v4\"\u001b[39m\n                        \u001b[36m/>\u001b[39m\n                        \u001b[36m<rect\u001b[39m\n                          \u001b[33mheight\u001b[39m=\u001b[32m\"18\"\u001b[39m\n                          \u001b[33mrx\u001b[39m=\u001b[32m\"2\"\u001b[39m\n                          \u001b[33mwidth\u001b[39m=\u001b[32m\"18\"\u001b[39m\n                          \u001b[33mx\u001b[39m=\u001b[32m\"3\"\u001b[39m\n                          \u001b[33my\u001b[39m=\u001b[32m\"4\"\u001b[39m\n                        \u001b[36m/>\u001b[39m\n                        \u001b[36m<path\u001b[39m\n                          \u001b[33md\u001b[39m=\u001b[32m\"M3 10h18\"\u001b[39m\n                        \u001b[36m/>\u001b[39m\n                      \u001b[36m</svg>\u001b[39m\n                    \u001b[36m</div>\u001b[39m\n                    \u001b[36m<div\u001b[39m\n                      \u001b[33mclass\u001b[39m=\u001b[32m\"text-xs mt-2 text-center font-medium transition-colors text-gray-900 dark:text-gray-100\"\u001b[39m\n                    \u001b[36m>\u001b[39m\n                      \u001b[0mDates\u001b[0m\n                    \u001b[36m</div>\u001b[39m\n                  \u001b[36m</div>\u001b[39m\n                  \u001b[36m<div\u001b[39m\n                    \u001b[33mclass\u001b[39m=\u001b[32m\"h-1 flex-1 mx-2 rounded transition-all duration-200 bg-blue-600 dark:bg-blue-500\"\u001b[39m\n                  \u001b[36m/>\u001b[39m\n                \u001b[36m</div>\u001b[39m\n                \u001b[36m<div\u001b[39m\n                  \u001b[33mclass\u001b[39m=\u001b[32m\"flex items-center flex-1\"\u001b[39m\n                \u001b[36m>\u001b[39m\n                  \u001b[36m<div\u001b[39m\n                    \u001b[33mclass\u001b[39m=\u001b[32m\"flex flex-col items-center flex-1\"\u001b[39m\n                  \u001b[36m>\u001b[39m\n                    \u001b[36m<div\u001b[39m\n                      \u001b[33mclass\u001b[39m=\u001b[32m\"w-10 h-10 rounded-full flex items-center justify-center text-sm font-semibold transition-all duration-200 bg-blue-600 dark:bg-blue-500 text-white shadow-md\"\u001b[39m\n                    \u001b[36m>\u001b[39m\n                      \u001b[36m<svg\u001b[39m\n                        \u001b[33maria-hidden\u001b[39m=\u001b[32m\"true\"\u001b[39m\n                        \u001b[33mclass\u001b[39m=\u001b[32m\"lucide lucide-users\"\u001b[39m\n                        \u001b[33mfill\u001b[39m=\u001b[32m\"none\"\u001b[39m\n                        \u001b[33mheight\u001b[39m=\u001b[32m\"16\"\u001b[39m\n                        \u001b[33mstroke\u001b[39m=\u001b[32m\"currentColor\"\u001b[39m\n                        \u001b[33mstroke-linecap\u001b[39m=\u001b[32m\"round\"\u001b[39m\n                        \u001b[33mstroke-linejoin\u001b[39m=\u001b[32m\"round\"\u001b[39m\n                        \u001b[33mstroke-width\u001b[39m=\u001b[32m\"2\"\u001b[39m\n                        \u001b[33mviewBox\u001b[39m=\u001b[32m\"0 0 24 24\"\u001b[39m\n                        \u001b[33mwidth\u001b[39m=\u001b[32m\"16\"\u001b[39m\n                        \u001b[33mxmlns\u001b[39m=\u001b[32m\"http://www.w3.org/2000/svg\"\u001b[39m\n                      \u001b[36m>\u001b[39m\n                        \u001b[36m<path\u001b[39m\n                          \u001b[33md\u001b[39m=\u001b[32m\"M16 21v-2a4 4 0 0 0-4-4H6a4 4 0 0 0-4 4v2\"\u001b[39m\n                        \u001b[36m/>\u001b[39m\n                        \u001b[36m<path\u001b[39m\n                          \u001b[33md\u001b[39m=\u001b[32m\"M16 3.128a4 4 0 0 1 0 7.744\"\u001b[39m\n                        \u001b[36m/>\u001b[39m\n                        \u001b[36m<path\u001b[39m\n                          \u001b[33md\u001b[39m=\u001b[32m\"M22 21v-2a4 4 0 0 0-3-3.87\"\u001b[39m\n                        \u001b[36m/>\u001b[39m\n                        \u001b[36m<circle\u001b[39m\n                          \u001b[33mcx\u001b[39m=\u001b[32m\"9\"\u001b[39m\n                          \u001b[33mcy\u001b[39m=\u001b[32m\"7\"\u001b[39m\n                          \u001b[33mr\u001b[39m=\u001b[32m\"4\"\u001b[39m\n                 
[...]
 categorize help shortcuts","duration":0.38259999999991123,"failureMessages":[],"meta":{}},{"ancestorTitles":["KeyboardHandler","formatShortcut"],"fullName":"KeyboardHandler formatShortcut should format simple key","status":"passed","title":"should format simple key","duration":0.3777999999997519,"failureMessages":[],"meta":{}},{"ancestorTitles":["KeyboardHandler","formatShortcut"],"fullName":"KeyboardHandler formatShortcut should format Ctrl+Key","status":"passed","title":"should format Ctrl+Key","duration":0.3346999999998843,"failureMessages":[],"meta":{}},{"ancestorTitles":["KeyboardHandler","formatShortcut"],"fullName":"KeyboardHandler formatShortcut should format Ctrl+Shift+Key","status":"passed","title":"should format Ctrl+Shift+Key","duration":2.9769000000001142,"failureMessages":[],"meta":{}},{"ancestorTitles":["KeyboardHandler","formatShortcut"],"fullName":"KeyboardHandler formatShortcut should format special keys","status":"passed","title":"should format special keys","duration":0.6224999999999454,"failureMessages":[],"meta":{}},{"ancestorTitles":["KeyboardHandler","formatShortcut"],"fullName":"KeyboardHandler formatShortcut should format with all modifiers","status":"passed","title":"should format with all modifiers","duration":0.3886000000002241,"failureMessages":[],"meta":{}},{"ancestorTitles":["KeyboardHandler","createKeyboardHandler"],"fullName":"KeyboardHandler createKeyboardHandler should create a new KeyboardHandler instance","status":"passed","title":"should create a new KeyboardHandler instance","duration":0.7123999999998887,"failureMessages":[],"meta":{}},{"ancestorTitles":["KeyboardHandler","parseShortcutString"],"fullName":"KeyboardHandler parseShortcutString should parse simple key","status":"passed","title":"should parse simple key","duration":0.7173999999999978,"failureMessages":[],"meta":{}},{"ancestorTitles":["KeyboardHandler","parseShortcutString"],"fullName":"KeyboardHandler parseShortcutString should parse Ctrl+Key","status":"passed","title":"should parse Ctrl+Key","duration":0.4131999999999607,"failureMessages":[],"meta":{}},{"ancestorTitles":["KeyboardHandler","parseShortcutString"],"fullName":"KeyboardHandler parseShortcutString should parse Ctrl+Shift+Key","status":"passed","title":"should parse Ctrl+Shift+Key","duration":0.38819999999986976,"failureMessages":[],"meta":{}},{"ancestorTitles":["KeyboardHandler","parseShortcutString"],"fullName":"KeyboardHandler parseShortcutString should parse Alt+Key","status":"passed","title":"should parse Alt+Key","duration":0.3407999999999447,"failureMessages":[],"meta":{}},{"ancestorTitles":["KeyboardHandler","parseShortcutString"],"fullName":"KeyboardHandler parseShortcutString should parse Cmd+Key","status":"passed","title":"should parse Cmd+Key","duration":0.28549999999995634,"failureMessages":[],"meta":{}},{"ancestorTitles":["KeyboardHandler","parseShortcutString"],"fullName":"KeyboardHandler parseShortcutString should handle case insensitivity","status":"passed","title":"should handle case insensitivity","duration":0.3000999999999294,"failureMessages":[],"meta":{}},{"ancestorTitles":["KeyboardHandler","parseShortcutString"],"fullName":"KeyboardHandler parseShortcutString should parse Control as Ctrl","status":"passed","title":"should parse Control as Ctrl","duration":0.27700000000004366,"failureMessages":[],"meta":{}}],"startTime":1774062961907,"endTime":1774062961996.3,"status":"passed","message":"","name":"C:/Users/Mervyn/source/projects/campsite-fyp/frontend/src/utils/__tests__/keyboardHandler.test.ts"},{"assertionResults":[{"ancestorTitles":["Accessibility Components","SkipNavigation"],"fullName":"Accessibility Components SkipNavigation renders skip links","status":"passed","title":"renders skip links","duration":76.10420000000067,"failureMessages":[],"meta":{}},{"ancestorTitles":["Accessibility Components","SkipNavigation"],"fullName":"Accessibility Components SkipNavigation skip links have correct href attributes","status":"passed","title":"skip links have correct href attributes","duration":13.330299999999625,"failureMessages":[],"meta":{}},{"ancestorTitles":["Accessibility Components","VisuallyHidden"],"fullName":"Accessibility Components VisuallyHidden renders children with sr-only class","status":"passed","title":"renders children with sr-only class","duration":23.40769999999975,"failureMessages":[],"meta":{}},{"ancestorTitles":["Accessibility Components","VisuallyHidden"],"fullName":"Accessibility Components VisuallyHidden can render as different elements","status":"passed","title":"can render as different elements","duration":31.318199999999706,"failureMessages":[],"meta":{}},{"ancestorTitles":["Accessibility Components","KeyboardShortcutsDialog"],"fullName":"Accessibility Components KeyboardShortcutsDialog renders when open","status":"passed","title":"renders when open","duration":167.96229999999923,"failureMessages":[],"meta":{}},{"ancestorTitles":["Accessibility Components","KeyboardShortcutsDialog"],"fullName":"Accessibility Components KeyboardShortcutsDialog does not render when closed","status":"passed","title":"does not render when closed","duration":7.733599999999569,"failureMessages":[],"meta":{}},{"ancestorTitles":["Accessibility Components","KeyboardShortcutsDialog"],"fullName":"Accessibility Components KeyboardShortcutsDialog displays shortcut categories","status":"passed","title":"displays shortcut categories","duration":75.46789999999964,"failureMessages":[],"meta":{}},{"ancestorTitles":["Accessibility Components","KeyboardShortcutsDialog"],"fullName":"Accessibility Components KeyboardShortcutsDialog displays keyboard shortcuts","status":"passed","title":"displays keyboard shortcuts","duration":51.00310000000081,"failureMessages":[],"meta":{}}],"startTime":1774062958253,"endTime":1774062958703.0032,"status":"passed","message":"","name":"C:/Users/Mervyn/source/projects/campsite-fyp/frontend/src/components/accessibility/__tests__/accessibility.test.tsx"},{"assertionResults":[{"ancestorTitles":["useCommandFacade"],"fullName":"useCommandFacade should add a module via addModule","status":"passed","title":"should add a module via addModule","duration":53.16960000000017,"failureMessages":[],"meta":{}},{"ancestorTitles":["useCommandFacade"],"fullName":"useCommandFacade should delete modules via deleteModules","status":"passed","title":"should delete modules via deleteModules","duration":9.443000000000211,"failureMessages":[],"meta":{}},{"ancestorTitles":["useCommandFacade"],"fullName":"useCommandFacade should provide undo functionality","status":"passed","title":"should provide undo functionality","duration":9.720499999999902,"failureMessages":[],"meta":{}},{"ancestorTitles":["useCommandFacade"],"fullName":"useCommandFacade should provide redo functionality","status":"passed","title":"should provide redo functionality","duration":5.673000000000229,"failureMessages":[],"meta":{}},{"ancestorTitles":["useCommandFacade"],"fullName":"useCommandFacade should track canUndo state","status":"passed","title":"should track canUndo state","duration":3.569799999999759,"failureMessages":[],"meta":{}},{"ancestorTitles":["useCommandFacade"],"fullName":"useCommandFacade should track canRedo state","status":"passed","title":"should track canRedo state","duration":4.003900000000158,"failureMessages":[],"meta":{}}],"startTime":1774062962025,"endTime":1774062962111.004,"status":"passed","message":"","name":"C:/Users/Mervyn/source/projects/campsite-fyp/frontend/src/hooks/editor/__tests__/useCommandFacade.test.ts"},{"assertionResults":[{"ancestorTitles":["useEditorLifecycle store integration"],"fullName":"useEditorLifecycle store integration should start with isDirty false","status":"passed","title":"should start with isDirty false","duration":2.9656999999997424,"failureMessages":[],"meta":{}},{"ancestorTitles":["useEditorLifecycle store integration"],"fullName":"useEditorLifecycle store integration should mark dirty via store","status":"passed","title":"should mark dirty via store","duration":0.632799999999861,"failureMessages":[],"meta":{}},{"ancestorTitles":["useEditorLifecycle store integration"],"fullName":"useEditorLifecycle store integration should mark clean via store","status":"passed","title":"should mark clean via store","duration":0.39069999999992433,"failureMessages":[],"meta":{}},{"ancestorTitles":["Exit confirmation logic"],"fullName":"Exit confirmation logic should return message when dirty","status":"passed","title":"should return message when dirty","duration":0.3409999999998945,"failureMessages":[],"meta":{}},{"ancestorTitles":["Exit confirmation logic"],"fullName":"Exit confirmation logic should return undefined when clean","status":"passed","title":"should return undefined when clean","duration":0.32900000000017826,"failureMessages":[],"meta":{}}],"startTime":1774062966088,"endTime":1774062966093.341,"status":"passed","message":"","name":"C:/Users/Mervyn/source/projects/campsite-fyp/frontend/src/hooks/editor/__tests__/useEditorLifecycle.test.ts"},{"assertionResults":[{"ancestorTitles":["useEditorShortcuts"],"fullName":"useEditorShortcuts should return key tracking functions","status":"passed","title":"should return key tracking functions","duration":39.42829999999958,"failureMessages":[],"meta":{}},{"ancestorTitles":["useEditorShortcuts"],"fullName":"useEditorShortcuts should track key presses","status":"passed","title":"should track key presses","duration":7.391500000000633,"failureMessages":[],"meta":{}},{"ancestorTitles":["useEditorShortcuts"],"fullName":"useEditorShortcuts should remove tracked key on keyup","status":"passed","title":"should remove tracked key on keyup","duration":5.736200000000281,"failureMessages":[],"meta":{}},{"ancestorTitles":["useEditorShortcuts"],"fullName":"useEditorShortcuts should call undo handler on Ctrl+Z","status":"passed","title":"should call undo handler on Ctrl+Z","duration":7.136000000000422,"failureMessages":[],"meta":{}},{"ancestorTitles":["useEditorShortcuts"],"fullName":"useEditorShortcuts should call redo handler on Ctrl+Y","status":"passed","title":"should call redo handler on Ctrl+Y","duration":4.816200000000208,"failureMessages":[],"meta":{}},{"ancestorTitles":["useEditorShortcuts"],"fullName":"useEditorShortcuts should call delete handler on Delete key","status":"passed","title":"should call delete handler on Delete key","duration":3.506100000000515,"failureMessages":[],"meta":{}},{"ancestorTitles":["useEditorShortcuts"],"fullName":"useEditorShortcuts should call copy handler on Ctrl+C","status":"passed","title":"should call copy handler on Ctrl+C","duration":3.24330000000009,"failureMessages":[],"meta":{}},{"ancestorTitles":["useEditorShortcuts"],"fullName":"useEditorShortcuts should call paste handler on Ctrl+V","status":"passed","title":"should call paste handler on Ctrl+V","duration":4.205699999999524,"failureMessages":[],"meta":{}},{"ancestorTitles":["useEditorShortcuts"],"fullName":"useEditorShortcuts should call selectAll handler on Ctrl+A","status":"passed","title":"should call selectAll handler on Ctrl+A","duration":5.337199999999939,"failureMessages":[],"meta":{}},{"ancestorTitles":["useEditorShortcuts"],"fullName":"useEditorShortcuts should call save handler on Ctrl+S","status":"passed","title":"should call save handler on Ctrl+S","duration":3.839999999999236,"failureMessages":[],"meta":{}},{"ancestorTitles":["useEditorShortcuts"],"fullName":"useEditorShortcuts should cleanup event listeners on unmount","status":"passed","title":"should cleanup event listeners on unmount","duration":8.57209999999941,"failureMessages":[],"meta":{}}],"startTime":1774062958616,"endTime":1774062958709.572,"status":"passed","message":"","name":"C:/Users/Mervyn/source/projects/campsite-fyp/frontend/src/hooks/editor/__tests__/useEditorShortcuts.test.ts"},{"assertionResults":[{"ancestorTitles":["useFabricCanvas initialization"],"fullName":"useFabricCanvas initialization should define canvas options structure","status":"passed","title":"should define canvas options structure","duration":1.5264999999999418,"failureMessages":[],"meta":{}},{"ancestorTitles":["useFabricCanvas initialization"],"fullName":"useFabricCanvas initialization should define control styles","status":"passed","title":"should define control styles","duration":0.32100000000036744,"failureMessages":[],"meta":{}},{"ancestorTitles":["Event listener management"],"fullName":"Event listener management should track multiple handlers per event","status":"passed","title":"should track multiple handlers per event","duration":0.23059999999986758,"failureMessages":[],"meta":{}},{"ancestorTitles":["Event listener management"],"fullName":"Event listener management should remove specific handler","status":"passed","title":"should remove specific handler","duration":0.2582999999999629,"failureMessages":[],"meta":{}}],"startTime":1774062967088,"endTime":1774062967091.2583,"status":"passed","message":"","name":"C:/Users/Mervyn/source/projects/campsite-fyp/frontend/src/hooks/editor/__tests__/useFabricCanvas.test.ts"},{"assertionResults":[{"ancestorTitles":["useGrid store integration"],"fullName":"useGrid store integration should have initial grid state","status":"passed","title":"should have initial grid state","duration":2.656600000000253,"failureMessages":[],"meta":{}},{"ancestorTitles":["useGrid store integration"],"fullName":"useGrid store integration should toggle grid via store","status":"passed","title":"should toggle grid via store","duration":0.7195999999999003,"failureMessages":[],"meta":{}},{"ancestorTitles":["useGrid store integration"],"fullName":"useGrid store integration should toggle snap to grid via store","status":"passed","title":"should toggle snap to grid via store","duration":0.5482999999999265,"failureMessages":[],"meta":{}},{"ancestorTitles":["useGrid store integration"],"fullName":"useGrid store integration should set grid size via store","status":"passed","title":"should set grid size via store","duration":0.3716000000003987,"failureMessages":[],"meta":{}},{"ancestorTitles":["Grid snap calculation"],"fullName":"Grid snap calculation should snap to nearest grid point","status":"passed","title":"should snap to nearest grid point","duration":0.4691000000002532,"failureMessages":[],"meta":{}},{"ancestorTitles":["Grid snap calculation"],"fullName":"Grid snap calculation should work with different grid sizes","status":"passed","title":"should work with different grid sizes","duration":0.3602000000000771,"failureMessages":[],"meta":{}}],"startTime":1774062965806,"endTime":1774062965811.469,"status":"passed","message":"","name":"C:/Users/Mervyn/source/projects/campsite-fyp/frontend/src/hooks/editor/__tests__/useGrid.test.ts"},{"assertionResults":[{"ancestorTitles":["useModuleRenderer store integration"],"fullName":"useModuleRenderer store integration should get modules from map store","status":"passed","title":"should get modules from map store","duration":17.528299999999945,"failureMessages":[],"meta":{}},{"ancestorTitles":["useModuleRenderer store integration"],"fullName":"useModuleRenderer store integration should detect hidden modules","status":"passed","title":"should detect hidden modules","duration":6.14220000000023,"failureMessages":[],"meta":{}},{"ancestorTitles":["useModuleRenderer store integration"],"fullName":"useModuleRenderer store integration should detect locked modules","status":"passed","title":"should detect locked modules","duration":3.0003999999998996,"failureMessages":[],"meta":{}},{"ancestorTitles":["Module property hashing"],"fullName":"Module property hashing should produce same hash for same properties","status":"passed","title":"should produce same hash for same properties","duration":0.6688999999996668,"failureMessages":[],"meta":{}},{"ancestorTitles":["Module property hashing"],"fullName":"Module property hashing should produce different hash for different position","status":"passed","title":"should produce different hash for different position","duration":1.409400000000005,"failureMessages":[],"meta":{}},{"ancestorTitles":["Module property hashing"],"fullName":"Module property hashing should produce different hash for different rotation","status":"passed","title":"should produce different hash for different rotation","duration":0.5864999999998872,"failureMessages":[],"meta":{}}],"startTime":1774062962882,"endTime":1774062962911.5864,"status":"passed","message":"","name":"C:/Users/Mervyn/source/projects/campsite-fyp/frontend/src/hooks/editor/__tests__/useModuleRenderer.test.ts"},{"assertionResults":[{"ancestorTitles":["usePanZoom zoom calculation"],"fullName":"usePanZoom zoom calculation should clamp zoom to minimum","status":"passed","title":"should clamp zoom to minimum","duration":2.1695999999997184,"failureMessages":[],"meta":{}},{"ancestorTitles":["usePanZoom zoom calculation"],"fullName":"usePanZoom zoom calculation should clamp zoom to maximum","status":"passed","title":"should clamp zoom to maximum","duration":0.4149999999999636,"failureMessages":[],"meta":{}},{"ancestorTitles":["usePanZoom zoom calculation"],"fullName":"usePanZoom zoom calculation should allow valid zoom values","status":"passed","title":"should allow valid zoom values","duration":0.35829999999987194,"failureMessages":[],"meta":{}},{"ancestorTitles":["usePanZoom zoom calculation"],"fullName":"usePanZoom zoom calculation should calculate zoom in correctly","status":"passed","title":"should calculate zoom in correctly","duration":0.3425999999999476,"failureMessages":[],"meta":{}},{"ancestorTitles":["usePanZoom zoom calculation"],"fullName":"usePanZoom zoom calculation should calculate zoom out correctly","status":"passed","title":"should calculate zoom out correctly","duration":0.21189999999978681,"failureMessages":[],"meta":{}},{"ancestorTitles":["usePanZoom viewport transform"],"fullName":"usePanZoom viewport transform should have correct structure","status":"passed","title":"should have correct structure","duration":1.674199999999928,"failureMessages":[],"meta":{}},{"ancestorTitles":["usePanZoom viewport transform"],"fullName":"usePanZoom viewport transform should calculate pan offset correctly","status":"passed","title":"should calculate pan offset correctly","duration":0.2626000000000204,"failureMessages":[],"meta":{}}],"startTime":1774062965213,"endTime":1774062965219.2627,"status":"passed","message":"","name":"C:/Users/Mervyn/source/projects/campsite-fyp/frontend/src/hooks/editor/__tests__/usePanZoom.test.ts"},{"assertionResults":[{"ancestorTitles":["useSelectionManager store integration"],"fullName":"useSelectionManager store integration should start with empty selection","status":"passed","title":"should start with empty selection","duration":3.44419999999991,"failureMessages":[],"meta":{}},{"ancestorTitles":["useSelectionManager store integration"],"fullName":"useSelectionManager store integration should set selection via store","status":"passed","title":"should set selection via store","duration":0.8505000000000109,"failureMessages":[],"meta":{}},{"ancestorTitles":["useSelectionManager store integration"],"fullName":"useSelectionManager store integration should clear selection via store","status":"passed","title":"should clear selection via store","duration":0.5773999999996704,"failureMessages":[],"meta":{}},{"ancestorTitles":["useSelectionManager store integration"],"fullName":"useSelectionManager store integration should add to selection","status":"passed","title":"should add to selection","duration":1.9593999999997322,"failureMessages":[],"meta":{}},{"ancestorTitles":["useSelectionManager store integration"],"fullName":"useSelectionManager store integration should remove from selection","status":"passed","title":"should remove from selection","duration":0.960399999999936,"failureMessages":[],"meta":{}}],"startTime":1774062965392,"endTime":1774062965399.9604,"status":"passed","message":"","name":"C:/Users/Mervyn/source/projects/campsite-fyp/frontend/src/hooks/editor/__tests__/useSelectionManager.test.ts"}]}
